[12-Dec-2025 11:22:42] WARNING: [pool top.tumanitasia.es] child 743389 said into stderr: "PHP message: [ArcGIS LoadOrder Direct] Petición recibida"
[12-Dec-2025 11:22:42] WARNING: [pool top.tumanitasia.es] child 743389 said into stderr: "PHP message: [ArcGIS LoadOrder Direct] POST: Array"
[12-Dec-2025 11:22:42] WARNING: [pool top.tumanitasia.es] child 743389 said into stderr: "("
[12-Dec-2025 11:22:42] WARNING: [pool top.tumanitasia.es] child 743389 said into stderr: "    [ajax] => 1"
[12-Dec-2025 11:22:42] WARNING: [pool top.tumanitasia.es] child 743389 said into stderr: "    [order_id] => OLYYNLSFV"
[12-Dec-2025 11:22:42] WARNING: [pool top.tumanitasia.es] child 743389 said into stderr: ")"
[12-Dec-2025 11:22:42] WARNING: [pool top.tumanitasia.es] child 743389 said into stderr: "PHP message: [ArcGIS LoadOrder Direct] GET: Array"
[12-Dec-2025 11:22:42] WARNING: [pool top.tumanitasia.es] child 743389 said into stderr: "("
[12-Dec-2025 11:22:42] WARNING: [pool top.tumanitasia.es] child 743389 said into stderr: ")"
[12-Dec-2025 11:22:42] WARNING: [pool top.tumanitasia.es] child 743389 said into stderr: "PHP message: [ArcGIS LoadOrder Direct] orderInput: OLYYNLSFV"
[12-Dec-2025 11:22:42] WARNING: [pool top.tumanitasia.es] child 743389 said into stderr: "PHP message: [ArcGIS LoadOrder Direct] Buscando pedido: OLYYNLSFV"
[12-Dec-2025 11:22:42] WARNING: [pool top.tumanitasia.es] child 743389 said into stderr: "PHP message: [ArcGIS LoadOrder Direct] SQL: SELECT id_order FROM toporders WHERE reference = "OLYYNLSFV""
[12-Dec-2025 11:22:42] WARNING: [pool top.tumanitasia.es] child 743389 said into stderr: "PHP message: [ArcGIS LoadOrder Direct] ID encontrado: 18"
[12-Dec-2025 11:22:42] WARNING: [pool top.tumanitasia.es] child 743389 said into stderr: "PHP message: [ArcGIS LoadOrder Direct] Pedido cargado OK, ID: 18"
[12-Dec-2025 11:22:42] WARNING: [pool top.tumanitasia.es] child 743389 said into stderr: "PHP message: [ArcGIS LoadOrder Direct] id_cart del pedido: 20"
[12-Dec-2025 11:22:42] WARNING: [pool top.tumanitasia.es] child 743389 said into stderr: "PHP message: [ArcGIS LoadOrder Direct] Table name: toparc3d_terrain_data"
[12-Dec-2025 11:22:42] WARNING: [pool top.tumanitasia.es] child 743389 said into stderr: "PHP message: [ArcGIS LoadOrder Direct] Buscando: id_order=18, id_cart=20"
[12-Dec-2025 11:22:42] WARNING: [pool top.tumanitasia.es] child 743389 said into stderr: "PHP message: [ArcGIS LoadOrder Direct] SQL 1: SELECT * FROM `toparc3d_terrain_data` WHERE id_order = 18 ORDER BY date_add DESC"
[12-Dec-2025 11:22:42] WARNING: [pool top.tumanitasia.es] child 743389 said into stderr: "PHP message: [ArcGIS LoadOrder Direct] Resultado: Array"
[12-Dec-2025 11:22:42] WARNING: [pool top.tumanitasia.es] child 743389 said into stderr: "("
[12-Dec-2025 11:22:42] WARNING: [pool top.tumanitasia.es] child 743389 said into stderr: "    [id_terrain] => 1"
[12-Dec-2025 11:22:42] WARNING: [pool top.tumanitasia.es] child 743389 said into stderr: "    [id_cart] => 20"
[12-Dec-2025 11:22:42] WARNING: [pool top.tumanitasia.es] child 743389 said into stderr: "    [id_order] => 18"
[12-Dec-2025 11:22:42] WARNING: [pool top.tumanitasia.es] child 743389 said into stderr: "    [id_product] => 15"
[12-Dec-2025 11:22:42] WARNING: [pool top.tumanitasia.es] child 743389 said into stderr: "    [product_name] => Pack Mug + Framed poster"
[12-Dec-2025 11:22:42] WARNING: [pool top.tumanitasia.es] child 743389 said into stderr: "    [latitude] => 42.518632"
[12-Dec-2025 11:22:42] WARNING: [pool top.tumanitasia.es] child 743389 said into stderr: "    [longitude] => 0.318779"
[12-Dec-2025 11:22:42] WARNING: [pool top.tumanitasia.es] child 743389 said into stderr: "    [area_km2] => 43.42"
[12-Dec-2025 11:22:42] WARNING: [pool top.tumanitasia.es] child 743389 said into stderr: "    [shape_type] => circle"
[12-Dec-2025 11:22:42] WARNING: [pool top.tumanitasia.es] child 743389 said into stderr: "    [file_size_mb] => 207.04"
[12-Dec-2025 11:22:42] WARNING: [pool top.tumanitasia.es] child 743389 said into stderr: "    [fingerprint] => arc3d_1765399643407_7qt4nk"
[12-Dec-2025 11:22:42] WARNING: [pool top.tumanitasia.es] child 743389 said into stderr: "    [geometry_json] => {\"type\":\"circle\",\"centerX\":35486.34191319306,\"centerY\":5238987.338046941,\"radius\":3294.6702372150303,\"spatialReference\":{\"wkid\":3857}}"
[12-Dec-2025 11:22:42] WARNING: [pool top.tumanitasia.es] child 743389 said into stderr: "    [date_add] => 2025-12-10 20:47:21"
[12-Dec-2025 11:22:42] WARNING: [pool top.tumanitasia.es] child 743389 said into stderr: ")"
[12-Dec-2025 11:22:42] WARNING: [pool top.tumanitasia.es] child 743389 said into stderr: "PHP message: [ArcGIS LoadOrder Direct] Éxito - devolviendo datos"
[12-Dec-2025 11:22:53] WARNING: [pool top.tumanitasia.es] child 743402 said into stderr: "PHP message: [ArcGIS LoadOrder Direct] Petición recibida"
[12-Dec-2025 11:22:53] WARNING: [pool top.tumanitasia.es] child 743402 said into stderr: "PHP message: [ArcGIS LoadOrder Direct] POST: Array"
[12-Dec-2025 11:22:53] WARNING: [pool top.tumanitasia.es] child 743402 said into stderr: "("
[12-Dec-2025 11:22:53] WARNING: [pool top.tumanitasia.es] child 743402 said into stderr: "    [ajax] => 1"
[12-Dec-2025 11:22:53] WARNING: [pool top.tumanitasia.es] child 743402 said into stderr: "    [order_id] => OLYYNLSFV"
[12-Dec-2025 11:22:53] WARNING: [pool top.tumanitasia.es] child 743402 said into stderr: ")"
[12-Dec-2025 11:22:53] WARNING: [pool top.tumanitasia.es] child 743402 said into stderr: "PHP message: [ArcGIS LoadOrder Direct] GET: Array"
[12-Dec-2025 11:22:53] WARNING: [pool top.tumanitasia.es] child 743402 said into stderr: "("
[12-Dec-2025 11:22:53] WARNING: [pool top.tumanitasia.es] child 743402 said into stderr: ")"
[12-Dec-2025 11:22:53] WARNING: [pool top.tumanitasia.es] child 743402 said into stderr: "PHP message: [ArcGIS LoadOrder Direct] orderInput: OLYYNLSFV"
[12-Dec-2025 11:22:53] WARNING: [pool top.tumanitasia.es] child 743402 said into stderr: "PHP message: [ArcGIS LoadOrder Direct] Buscando pedido: OLYYNLSFV"
[12-Dec-2025 11:22:53] WARNING: [pool top.tumanitasia.es] child 743402 said into stderr: "PHP message: [ArcGIS LoadOrder Direct] SQL: SELECT id_order FROM toporders WHERE reference = "OLYYNLSFV""
[12-Dec-2025 11:22:53] WARNING: [pool top.tumanitasia.es] child 743402 said into stderr: "PHP message: [ArcGIS LoadOrder Direct] ID encontrado: 18"
[12-Dec-2025 11:22:53] WARNING: [pool top.tumanitasia.es] child 743402 said into stderr: "PHP message: [ArcGIS LoadOrder Direct] Pedido cargado OK, ID: 18"
[12-Dec-2025 11:22:53] WARNING: [pool top.tumanitasia.es] child 743402 said into stderr: "PHP message: [ArcGIS LoadOrder Direct] id_cart del pedido: 20"
[12-Dec-2025 11:22:53] WARNING: [pool top.tumanitasia.es] child 743402 said into stderr: "PHP message: [ArcGIS LoadOrder Direct] Table name: toparc3d_terrain_data"
[12-Dec-2025 11:22:53] WARNING: [pool top.tumanitasia.es] child 743402 said into stderr: "PHP message: [ArcGIS LoadOrder Direct] Buscando: id_order=18, id_cart=20"
[12-Dec-2025 11:22:53] WARNING: [pool top.tumanitasia.es] child 743402 said into stderr: "PHP message: [ArcGIS LoadOrder Direct] SQL 1: SELECT * FROM `toparc3d_terrain_data` WHERE id_order = 18 ORDER BY date_add DESC"
[12-Dec-2025 11:22:53] WARNING: [pool top.tumanitasia.es] child 743402 said into stderr: "PHP message: [ArcGIS LoadOrder Direct] Resultado: Array"
[12-Dec-2025 11:22:53] WARNING: [pool top.tumanitasia.es] child 743402 said into stderr: "("
[12-Dec-2025 11:22:53] WARNING: [pool top.tumanitasia.es] child 743402 said into stderr: "    [id_terrain] => 1"
[12-Dec-2025 11:22:53] WARNING: [pool top.tumanitasia.es] child 743402 said into stderr: "    [id_cart] => 20"
[12-Dec-2025 11:22:53] WARNING: [pool top.tumanitasia.es] child 743402 said into stderr: "    [id_order] => 18"
[12-Dec-2025 11:22:53] WARNING: [pool top.tumanitasia.es] child 743402 said into stderr: "    [id_product] => 15"
[12-Dec-2025 11:22:53] WARNING: [pool top.tumanitasia.es] child 743402 said into stderr: "    [product_name] => Pack Mug + Framed poster"
[12-Dec-2025 11:22:53] WARNING: [pool top.tumanitasia.es] child 743402 said into stderr: "    [latitude] => 42.518632"
[12-Dec-2025 11:22:53] WARNING: [pool top.tumanitasia.es] child 743402 said into stderr: "    [longitude] => 0.318779"
[12-Dec-2025 11:22:53] WARNING: [pool top.tumanitasia.es] child 743402 said into stderr: "    [area_km2] => 43.42"
[12-Dec-2025 11:22:53] WARNING: [pool top.tumanitasia.es] child 743402 said into stderr: "    [shape_type] => circle"
[12-Dec-2025 11:22:53] WARNING: [pool top.tumanitasia.es] child 743402 said into stderr: "    [file_size_mb] => 207.04"
[12-Dec-2025 11:22:53] WARNING: [pool top.tumanitasia.es] child 743402 said into stderr: "    [fingerprint] => arc3d_1765399643407_7qt4nk"
[12-Dec-2025 11:22:53] WARNING: [pool top.tumanitasia.es] child 743402 said into stderr: "    [geometry_json] => {\"type\":\"circle\",\"centerX\":35486.34191319306,\"centerY\":5238987.338046941,\"radius\":3294.6702372150303,\"spatialReference\":{\"wkid\":3857}}"
[12-Dec-2025 11:22:53] WARNING: [pool top.tumanitasia.es] child 743402 said into stderr: "    [date_add] => 2025-12-10 20:47:21"
[12-Dec-2025 11:22:53] WARNING: [pool top.tumanitasia.es] child 743402 said into stderr: ")"
[12-Dec-2025 11:22:53] WARNING: [pool top.tumanitasia.es] child 743402 said into stderr: "PHP message: [ArcGIS LoadOrder Direct] Éxito - devolviendo datos"
[12-Dec-2025 11:41:08] WARNING: [pool top.tumanitasia.es] child 744957 said into stderr: "PHP message: [ARC3D Cart] Geometry JSON recibido: {\"type\":\"circle\",\"centerX\":68900.35793062206,\"centerY\":5259599.07868428,\"radius\":2713.135886082484,\"spatialReference\":{\"wkid\":3857}}"
[12-Dec-2025 11:41:08] WARNING: [pool top.tumanitasia.es] child 744957 said into stderr: "PHP message: [ARC3D Cart] SQL: INSERT INTO `toparc3d_terrain_data` "
[12-Dec-2025 11:41:08] WARNING: [pool top.tumanitasia.es] child 744957 said into stderr: "        (`id_cart`, `id_order`, `id_product`, `product_name`, `latitude`, `longitude`, "
[12-Dec-2025 11:41:08] WARNING: [pool top.tumanitasia.es] child 744957 said into stderr: "         `area_km2`, `shape_type`, `file_size_mb`, `fingerprint`, `geometry_json`, `date_add`)"
[12-Dec-2025 11:41:08] WARNING: [pool top.tumanitasia.es] child 744957 said into stderr: "        VALUES "
[12-Dec-2025 11:41:08] WARNING: [pool top.tumanitasia.es] child 744957 said into stderr: "        (21, NULL, 9, 'Mountain fox cushion', "
[12-Dec-2025 11:41:08] WARNING: [pool top.tumanitasia.es] child 744957 said into stderr: "         42.654954972632, 0.61894244610383, 29.44, "
[12-Dec-2025 11:41:08] WARNING: [pool top.tumanitasia.es] child 744957 said into stderr: "         'circle', 140.4, 'arc3d_1765539669866_3h95ol', "
[12-Dec-2025 11:41:08] WARNING: [pool top.tumanitasia.es] child 744957 said into stderr: "         '{\\\"type\\\":\\\"circle\\\",\\\"centerX\\\":68900.35793062206,\\\"centerY\\\":5259599.07868428,\\\"radius\\\":2713.135886082484,\\\"spatialReference\\\":{\\\"wkid\\\":3857}}', NOW())"
[12-Dec-2025 11:41:08] WARNING: [pool top.tumanitasia.es] child 744957 said into stderr: "PHP message: [ARC3D Cart] Registro guardado OK, id_cart: 21"
[12-Dec-2025 11:41:19] WARNING: [pool top.tumanitasia.es] child 744959 said into stderr: "PHP message: PHP Deprecated:  Using unregistered function "constant" in a template is deprecated and will be removed in a future release. Use Smarty::registerPlugin to explicitly register a custom modifier. in /var/www/vhosts/tumanitasia.es/toprelieve/vendor/smarty/smarty/libs/sysplugins/smarty_internal_templatecompilerbase.php on line 663"
[12-Dec-2025 11:41:52] WARNING: [pool top.tumanitasia.es] child 744981 said into stderr: "PHP message: [ArcGIS LoadOrder Direct] Petición recibida"
[12-Dec-2025 11:41:52] WARNING: [pool top.tumanitasia.es] child 744981 said into stderr: "PHP message: [ArcGIS LoadOrder Direct] POST: Array"
[12-Dec-2025 11:41:52] WARNING: [pool top.tumanitasia.es] child 744981 said into stderr: "("
[12-Dec-2025 11:41:52] WARNING: [pool top.tumanitasia.es] child 744981 said into stderr: "    [ajax] => 1"
[12-Dec-2025 11:41:52] WARNING: [pool top.tumanitasia.es] child 744981 said into stderr: "    [order_id] => CSTELENEM"
[12-Dec-2025 11:41:52] WARNING: [pool top.tumanitasia.es] child 744981 said into stderr: ")"
[12-Dec-2025 11:41:52] WARNING: [pool top.tumanitasia.es] child 744981 said into stderr: "PHP message: [ArcGIS LoadOrder Direct] GET: Array"
[12-Dec-2025 11:41:52] WARNING: [pool top.tumanitasia.es] child 744981 said into stderr: "("
[12-Dec-2025 11:41:52] WARNING: [pool top.tumanitasia.es] child 744981 said into stderr: ")"
[12-Dec-2025 11:41:52] WARNING: [pool top.tumanitasia.es] child 744981 said into stderr: "PHP message: [ArcGIS LoadOrder Direct] orderInput: CSTELENEM"
[12-Dec-2025 11:41:52] WARNING: [pool top.tumanitasia.es] child 744981 said into stderr: "PHP message: [ArcGIS LoadOrder Direct] Buscando pedido: CSTELENEM"
[12-Dec-2025 11:41:52] WARNING: [pool top.tumanitasia.es] child 744981 said into stderr: "PHP message: [ArcGIS LoadOrder Direct] SQL: SELECT id_order FROM toporders WHERE reference = "CSTELENEM""
[12-Dec-2025 11:41:52] WARNING: [pool top.tumanitasia.es] child 744981 said into stderr: "PHP message: [ArcGIS LoadOrder Direct] ID encontrado: 19"
[12-Dec-2025 11:41:52] WARNING: [pool top.tumanitasia.es] child 744981 said into stderr: "PHP message: [ArcGIS LoadOrder Direct] Pedido cargado OK, ID: 19"
[12-Dec-2025 11:41:52] WARNING: [pool top.tumanitasia.es] child 744981 said into stderr: "PHP message: [ArcGIS LoadOrder Direct] id_cart del pedido: 21"
[12-Dec-2025 11:41:52] WARNING: [pool top.tumanitasia.es] child 744981 said into stderr: "PHP message: [ArcGIS LoadOrder Direct] Table name: toparc3d_terrain_data"
[12-Dec-2025 11:41:52] WARNING: [pool top.tumanitasia.es] child 744981 said into stderr: "PHP message: [ArcGIS LoadOrder Direct] Buscando: id_order=19, id_cart=21"
[12-Dec-2025 11:41:52] WARNING: [pool top.tumanitasia.es] child 744981 said into stderr: "PHP message: [ArcGIS LoadOrder Direct] SQL 1: SELECT * FROM `toparc3d_terrain_data` WHERE id_order = 19 ORDER BY date_add DESC"
[12-Dec-2025 11:41:52] WARNING: [pool top.tumanitasia.es] child 744981 said into stderr: "PHP message: [ArcGIS LoadOrder Direct] Resultado: Array"
[12-Dec-2025 11:41:52] WARNING: [pool top.tumanitasia.es] child 744981 said into stderr: "("
[12-Dec-2025 11:41:52] WARNING: [pool top.tumanitasia.es] child 744981 said into stderr: "    [id_terrain] => 2"
[12-Dec-2025 11:41:52] WARNING: [pool top.tumanitasia.es] child 744981 said into stderr: "    [id_cart] => 21"
[12-Dec-2025 11:41:52] WARNING: [pool top.tumanitasia.es] child 744981 said into stderr: "    [id_order] => 19"
[12-Dec-2025 11:41:52] WARNING: [pool top.tumanitasia.es] child 744981 said into stderr: "    [id_product] => 9"
[12-Dec-2025 11:41:52] WARNING: [pool top.tumanitasia.es] child 744981 said into stderr: "    [product_name] => Mountain fox cushion"
[12-Dec-2025 11:41:52] WARNING: [pool top.tumanitasia.es] child 744981 said into stderr: "    [latitude] => 42.654955"
[12-Dec-2025 11:41:52] WARNING: [pool top.tumanitasia.es] child 744981 said into stderr: "    [longitude] => 0.618942"
[12-Dec-2025 11:41:52] WARNING: [pool top.tumanitasia.es] child 744981 said into stderr: "    [area_km2] => 29.44"
[12-Dec-2025 11:41:52] WARNING: [pool top.tumanitasia.es] child 744981 said into stderr: "    [shape_type] => circle"
[12-Dec-2025 11:41:52] WARNING: [pool top.tumanitasia.es] child 744981 said into stderr: "    [file_size_mb] => 140.40"
[12-Dec-2025 11:41:52] WARNING: [pool top.tumanitasia.es] child 744981 said into stderr: "    [fingerprint] => arc3d_1765539669866_3h95ol"
[12-Dec-2025 11:41:52] WARNING: [pool top.tumanitasia.es] child 744981 said into stderr: "    [geometry_json] => {\"type\":\"circle\",\"centerX\":68900.35793062206,\"centerY\":5259599.07868428,\"radius\":2713.135886082484,\"spatialReference\":{\"wkid\":3857}}"
[12-Dec-2025 11:41:52] WARNING: [pool top.tumanitasia.es] child 744981 said into stderr: "    [date_add] => 2025-12-12 11:41:08"
[12-Dec-2025 11:41:52] WARNING: [pool top.tumanitasia.es] child 744981 said into stderr: ")"
[12-Dec-2025 11:41:52] WARNING: [pool top.tumanitasia.es] child 744981 said into stderr: "PHP message: [ArcGIS LoadOrder Direct] Éxito - devolviendo datos"
[12-Dec-2025 11:42:12] WARNING: [pool top.tumanitasia.es] child 745053 said into stderr: "PHP message: [ArcGIS LoadOrder Direct] Petición recibida"
[12-Dec-2025 11:42:12] WARNING: [pool top.tumanitasia.es] child 745053 said into stderr: "PHP message: [ArcGIS LoadOrder Direct] POST: Array"
[12-Dec-2025 11:42:12] WARNING: [pool top.tumanitasia.es] child 745053 said into stderr: "("
[12-Dec-2025 11:42:12] WARNING: [pool top.tumanitasia.es] child 745053 said into stderr: "    [ajax] => 1"
[12-Dec-2025 11:42:12] WARNING: [pool top.tumanitasia.es] child 745053 said into stderr: "    [order_id] => CSTELENEM"
[12-Dec-2025 11:42:12] WARNING: [pool top.tumanitasia.es] child 745053 said into stderr: ")"
[12-Dec-2025 11:42:12] WARNING: [pool top.tumanitasia.es] child 745053 said into stderr: "PHP message: [ArcGIS LoadOrder Direct] GET: Array"
[12-Dec-2025 11:42:12] WARNING: [pool top.tumanitasia.es] child 745053 said into stderr: "("
[12-Dec-2025 11:42:12] WARNING: [pool top.tumanitasia.es] child 745053 said into stderr: ")"
[12-Dec-2025 11:42:12] WARNING: [pool top.tumanitasia.es] child 745053 said into stderr: "PHP message: [ArcGIS LoadOrder Direct] orderInput: CSTELENEM"
[12-Dec-2025 11:42:12] WARNING: [pool top.tumanitasia.es] child 745053 said into stderr: "PHP message: [ArcGIS LoadOrder Direct] Buscando pedido: CSTELENEM"
[12-Dec-2025 11:42:12] WARNING: [pool top.tumanitasia.es] child 745053 said into stderr: "PHP message: [ArcGIS LoadOrder Direct] SQL: SELECT id_order FROM toporders WHERE reference = "CSTELENEM""
[12-Dec-2025 11:42:12] WARNING: [pool top.tumanitasia.es] child 745053 said into stderr: "PHP message: [ArcGIS LoadOrder Direct] ID encontrado: 19"
[12-Dec-2025 11:42:12] WARNING: [pool top.tumanitasia.es] child 745053 said into stderr: "PHP message: [ArcGIS LoadOrder Direct] Pedido cargado OK, ID: 19"
[12-Dec-2025 11:42:12] WARNING: [pool top.tumanitasia.es] child 745053 said into stderr: "PHP message: [ArcGIS LoadOrder Direct] id_cart del pedido: 21"
[12-Dec-2025 11:42:12] WARNING: [pool top.tumanitasia.es] child 745053 said into stderr: "PHP message: [ArcGIS LoadOrder Direct] Table name: toparc3d_terrain_data"
[12-Dec-2025 11:42:12] WARNING: [pool top.tumanitasia.es] child 745053 said into stderr: "PHP message: [ArcGIS LoadOrder Direct] Buscando: id_order=19, id_cart=21"
[12-Dec-2025 11:42:12] WARNING: [pool top.tumanitasia.es] child 745053 said into stderr: "PHP message: [ArcGIS LoadOrder Direct] SQL 1: SELECT * FROM `toparc3d_terrain_data` WHERE id_order = 19 ORDER BY date_add DESC"
[12-Dec-2025 11:42:12] WARNING: [pool top.tumanitasia.es] child 745053 said into stderr: "PHP message: [ArcGIS LoadOrder Direct] Resultado: Array"
[12-Dec-2025 11:42:12] WARNING: [pool top.tumanitasia.es] child 745053 said into stderr: "("
[12-Dec-2025 11:42:12] WARNING: [pool top.tumanitasia.es] child 745053 said into stderr: "    [id_terrain] => 2"
[12-Dec-2025 11:42:12] WARNING: [pool top.tumanitasia.es] child 745053 said into stderr: "    [id_cart] => 21"
[12-Dec-2025 11:42:12] WARNING: [pool top.tumanitasia.es] child 745053 said into stderr: "    [id_order] => 19"
[12-Dec-2025 11:42:12] WARNING: [pool top.tumanitasia.es] child 745053 said into stderr: "    [id_product] => 9"
[12-Dec-2025 11:42:12] WARNING: [pool top.tumanitasia.es] child 745053 said into stderr: "    [product_name] => Mountain fox cushion"
[12-Dec-2025 11:42:12] WARNING: [pool top.tumanitasia.es] child 745053 said into stderr: "    [latitude] => 42.654955"
[12-Dec-2025 11:42:12] WARNING: [pool top.tumanitasia.es] child 745053 said into stderr: "    [longitude] => 0.618942"
[12-Dec-2025 11:42:12] WARNING: [pool top.tumanitasia.es] child 745053 said into stderr: "    [area_km2] => 29.44"
[12-Dec-2025 11:42:12] WARNING: [pool top.tumanitasia.es] child 745053 said into stderr: "    [shape_type] => circle"
[12-Dec-2025 11:42:12] WARNING: [pool top.tumanitasia.es] child 745053 said into stderr: "    [file_size_mb] => 140.40"
[12-Dec-2025 11:42:12] WARNING: [pool top.tumanitasia.es] child 745053 said into stderr: "    [fingerprint] => arc3d_1765539669866_3h95ol"
[12-Dec-2025 11:42:12] WARNING: [pool top.tumanitasia.es] child 745053 said into stderr: "    [geometry_json] => {\"type\":\"circle\",\"centerX\":68900.35793062206,\"centerY\":5259599.07868428,\"radius\":2713.135886082484,\"spatialReference\":{\"wkid\":3857}}"
[12-Dec-2025 11:42:12] WARNING: [pool top.tumanitasia.es] child 745053 said into stderr: "    [date_add] => 2025-12-12 11:41:08"
[12-Dec-2025 11:42:12] WARNING: [pool top.tumanitasia.es] child 745053 said into stderr: ")"
[12-Dec-2025 11:42:12] WARNING: [pool top.tumanitasia.es] child 745053 said into stderr: "PHP message: [ArcGIS LoadOrder Direct] Éxito - devolviendo datos"
[12-Dec-2025 11:44:43] WARNING: [pool top.tumanitasia.es] child 745279 said into stderr: "PHP message: PHP Fatal error:  Uncaught  --> Smarty Compiler: Syntax error in template "module:module:arcgisterrain3dviewstemplatesfrontmap.tpl"  on line 1363 "console.log('[ArcGIS Terrain3D] Reconstruyendo geometría:', {centerLat, centerLon, areaKm2, shapeType});"  - Unexpected ", ", expected one of: "}" <-- "
[12-Dec-2025 11:44:43] WARNING: [pool top.tumanitasia.es] child 745279 said into stderr: "  thrown in module:arcgisterrain3dviewstemplatesfrontmap.tpl on line 1363"
[12-Dec-2025 11:44:43] WARNING: [pool top.tumanitasia.es] child 745279 said into stderr: "PHP message: PHP Warning:  file_exists(): open_basedir restriction in effect. File(module:arcgisterrain3dviewstemplatesfrontmap.tpl) is not within the allowed path(s): (/var/www/vhosts/tumanitasia.es/:/tmp/) in /var/www/vhosts/tumanitasia.es/toprelieve/modules/ps_accounts/vendor/sentry/sentry/lib/Raven/Stacktrace.php on line 281"
[12-Dec-2025 11:44:50] WARNING: [pool top.tumanitasia.es] child 745279 said into stderr: "PHP message: PHP Fatal error:  Uncaught  --> Smarty Compiler: Syntax error in template "module:module:arcgisterrain3dviewstemplatesfrontmap.tpl"  on line 1363 "console.log('[ArcGIS Terrain3D] Reconstruyendo geometría:', {centerLat, centerLon, areaKm2, shapeType});"  - Unexpected ", ", expected one of: "}" <-- "
[12-Dec-2025 11:44:50] WARNING: [pool top.tumanitasia.es] child 745279 said into stderr: "  thrown in module:arcgisterrain3dviewstemplatesfrontmap.tpl on line 1363"
[12-Dec-2025 11:44:50] WARNING: [pool top.tumanitasia.es] child 745279 said into stderr: "PHP message: PHP Warning:  file_exists(): open_basedir restriction in effect. File(module:arcgisterrain3dviewstemplatesfrontmap.tpl) is not within the allowed path(s): (/var/www/vhosts/tumanitasia.es/:/tmp/) in /var/www/vhosts/tumanitasia.es/toprelieve/modules/ps_accounts/vendor/sentry/sentry/lib/Raven/Stacktrace.php on line 281"
[12-Dec-2025 11:45:14] WARNING: [pool top.tumanitasia.es] child 745363 said into stderr: "PHP message: PHP Fatal error:  Uncaught  --> Smarty Compiler: Syntax error in template "module:module:arcgisterrain3dviewstemplatesfrontmap.tpl"  on line 1363 "console.log('[ArcGIS Terrain3D] Reconstruyendo geometría:', {centerLat, centerLon, areaKm2, shapeType});"  - Unexpected ", ", expected one of: "}" <-- "
[12-Dec-2025 11:45:14] WARNING: [pool top.tumanitasia.es] child 745363 said into stderr: "  thrown in module:arcgisterrain3dviewstemplatesfrontmap.tpl on line 1363"
[12-Dec-2025 11:45:14] WARNING: [pool top.tumanitasia.es] child 745363 said into stderr: "PHP message: PHP Warning:  file_exists(): open_basedir restriction in effect. File(module:arcgisterrain3dviewstemplatesfrontmap.tpl) is not within the allowed path(s): (/var/www/vhosts/tumanitasia.es/:/tmp/) in /var/www/vhosts/tumanitasia.es/toprelieve/modules/ps_accounts/vendor/sentry/sentry/lib/Raven/Stacktrace.php on line 281"
[12-Dec-2025 11:45:14] WARNING: [pool top.tumanitasia.es] child 745362 said into stderr: "PHP message: PHP Fatal error:  Uncaught  --> Smarty Compiler: Syntax error in template "module:module:arcgisterrain3dviewstemplatesfrontmap.tpl"  on line 1363 "console.log('[ArcGIS Terrain3D] Reconstruyendo geometría:', {centerLat, centerLon, areaKm2, shapeType});"  - Unexpected ", ", expected one of: "}" <-- "
[12-Dec-2025 11:45:14] WARNING: [pool top.tumanitasia.es] child 745362 said into stderr: "  thrown in module:arcgisterrain3dviewstemplatesfrontmap.tpl on line 1363"
[12-Dec-2025 11:45:14] WARNING: [pool top.tumanitasia.es] child 745362 said into stderr: "PHP message: PHP Warning:  file_exists(): open_basedir restriction in effect. File(module:arcgisterrain3dviewstemplatesfrontmap.tpl) is not within the allowed path(s): (/var/www/vhosts/tumanitasia.es/:/tmp/) in /var/www/vhosts/tumanitasia.es/toprelieve/modules/ps_accounts/vendor/sentry/sentry/lib/Raven/Stacktrace.php on line 281"
[12-Dec-2025 11:45:15] WARNING: [pool top.tumanitasia.es] child 745364 said into stderr: "PHP message: PHP Fatal error:  Uncaught  --> Smarty Compiler: Syntax error in template "module:module:arcgisterrain3dviewstemplatesfrontmap.tpl"  on line 1363 "console.log('[ArcGIS Terrain3D] Reconstruyendo geometría:', {centerLat, centerLon, areaKm2, shapeType});"  - Unexpected ", ", expected one of: "}" <-- "
[12-Dec-2025 11:45:15] WARNING: [pool top.tumanitasia.es] child 745364 said into stderr: "  thrown in module:arcgisterrain3dviewstemplatesfrontmap.tpl on line 1363"
[12-Dec-2025 11:45:15] WARNING: [pool top.tumanitasia.es] child 745364 said into stderr: "PHP message: PHP Warning:  file_exists(): open_basedir restriction in effect. File(module:arcgisterrain3dviewstemplatesfrontmap.tpl) is not within the allowed path(s): (/var/www/vhosts/tumanitasia.es/:/tmp/) in /var/www/vhosts/tumanitasia.es/toprelieve/modules/ps_accounts/vendor/sentry/sentry/lib/Raven/Stacktrace.php on line 281"
[12-Dec-2025 11:47:51] WARNING: [pool top.tumanitasia.es] child 745484 said into stderr: "PHP message: PHP Fatal error:  Uncaught  --> Smarty Compiler: Syntax error in template "module:module:arcgisterrain3dviewstemplatesfrontmap.tpl"  on line 1363 "console.log('[ArcGIS Terrain3D] Reconstruyendo geometría:', {centerLat, centerLon, areaKm2, shapeType});"  - Unexpected ", ", expected one of: "}" <-- "
[12-Dec-2025 11:47:51] WARNING: [pool top.tumanitasia.es] child 745484 said into stderr: "  thrown in module:arcgisterrain3dviewstemplatesfrontmap.tpl on line 1363"
[12-Dec-2025 11:47:51] WARNING: [pool top.tumanitasia.es] child 745484 said into stderr: "PHP message: PHP Warning:  file_exists(): open_basedir restriction in effect. File(module:arcgisterrain3dviewstemplatesfrontmap.tpl) is not within the allowed path(s): (/var/www/vhosts/tumanitasia.es/:/tmp/) in /var/www/vhosts/tumanitasia.es/toprelieve/modules/ps_accounts/vendor/sentry/sentry/lib/Raven/Stacktrace.php on line 281"
[12-Dec-2025 11:47:51] WARNING: [pool top.tumanitasia.es] child 745485 said into stderr: "PHP message: PHP Fatal error:  Uncaught  --> Smarty Compiler: Syntax error in template "module:module:arcgisterrain3dviewstemplatesfrontmap.tpl"  on line 1363 "console.log('[ArcGIS Terrain3D] Reconstruyendo geometría:', {centerLat, centerLon, areaKm2, shapeType});"  - Unexpected ", ", expected one of: "}" <-- "
[12-Dec-2025 11:47:51] WARNING: [pool top.tumanitasia.es] child 745485 said into stderr: "  thrown in module:arcgisterrain3dviewstemplatesfrontmap.tpl on line 1363"
[12-Dec-2025 11:47:51] WARNING: [pool top.tumanitasia.es] child 745485 said into stderr: "PHP message: PHP Warning:  file_exists(): open_basedir restriction in effect. File(module:arcgisterrain3dviewstemplatesfrontmap.tpl) is not within the allowed path(s): (/var/www/vhosts/tumanitasia.es/:/tmp/) in /var/www/vhosts/tumanitasia.es/toprelieve/modules/ps_accounts/vendor/sentry/sentry/lib/Raven/Stacktrace.php on line 281"
[12-Dec-2025 11:47:51] WARNING: [pool top.tumanitasia.es] child 745484 said into stderr: "PHP message: PHP Fatal error:  Uncaught  --> Smarty Compiler: Syntax error in template "module:module:arcgisterrain3dviewstemplatesfrontmap.tpl"  on line 1363 "console.log('[ArcGIS Terrain3D] Reconstruyendo geometría:', {centerLat, centerLon, areaKm2, shapeType});"  - Unexpected ", ", expected one of: "}" <-- "
[12-Dec-2025 11:47:51] WARNING: [pool top.tumanitasia.es] child 745484 said into stderr: "  thrown in module:arcgisterrain3dviewstemplatesfrontmap.tpl on line 1363"
[12-Dec-2025 11:47:51] WARNING: [pool top.tumanitasia.es] child 745484 said into stderr: "PHP message: PHP Warning:  file_exists(): open_basedir restriction in effect. File(module:arcgisterrain3dviewstemplatesfrontmap.tpl) is not within the allowed path(s): (/var/www/vhosts/tumanitasia.es/:/tmp/) in /var/www/vhosts/tumanitasia.es/toprelieve/modules/ps_accounts/vendor/sentry/sentry/lib/Raven/Stacktrace.php on line 281"
[12-Dec-2025 11:47:51] WARNING: [pool top.tumanitasia.es] child 745485 said into stderr: "PHP message: PHP Fatal error:  Uncaught  --> Smarty Compiler: Syntax error in template "module:module:arcgisterrain3dviewstemplatesfrontmap.tpl"  on line 1363 "console.log('[ArcGIS Terrain3D] Reconstruyendo geometría:', {centerLat, centerLon, areaKm2, shapeType});"  - Unexpected ", ", expected one of: "}" <-- "
[12-Dec-2025 11:47:51] WARNING: [pool top.tumanitasia.es] child 745485 said into stderr: "  thrown in module:arcgisterrain3dviewstemplatesfrontmap.tpl on line 1363"
[12-Dec-2025 11:47:51] WARNING: [pool top.tumanitasia.es] child 745485 said into stderr: "PHP message: PHP Warning:  file_exists(): open_basedir restriction in effect. File(module:arcgisterrain3dviewstemplatesfrontmap.tpl) is not within the allowed path(s): (/var/www/vhosts/tumanitasia.es/:/tmp/) in /var/www/vhosts/tumanitasia.es/toprelieve/modules/ps_accounts/vendor/sentry/sentry/lib/Raven/Stacktrace.php on line 281"
[12-Dec-2025 11:58:12] WARNING: [pool top.tumanitasia.es] child 746334 said into stderr: "PHP message: PHP Fatal error:  Uncaught  --> Smarty Compiler: Syntax error in template "module:module:arcgisterrain3dviewstemplatesfrontmap.tpl"  on line 1247 "spatialReference: {'wkid': 3857}"  - Unexpected ": ", expected one of: "}" <-- "
[12-Dec-2025 11:58:12] WARNING: [pool top.tumanitasia.es] child 746334 said into stderr: "  thrown in module:arcgisterrain3dviewstemplatesfrontmap.tpl on line 1247"
[12-Dec-2025 11:58:12] WARNING: [pool top.tumanitasia.es] child 746334 said into stderr: "PHP message: PHP Warning:  file_exists(): open_basedir restriction in effect. File(module:arcgisterrain3dviewstemplatesfrontmap.tpl) is not within the allowed path(s): (/var/www/vhosts/tumanitasia.es/:/tmp/) in /var/www/vhosts/tumanitasia.es/toprelieve/modules/ps_accounts/vendor/sentry/sentry/lib/Raven/Stacktrace.php on line 281"
[12-Dec-2025 12:00:22] WARNING: [pool top.tumanitasia.es] child 746616 said into stderr: "PHP message: PHP Fatal error:  Uncaught  --> Smarty Compiler: Syntax error in template "module:module:arcgisterrain3dviewstemplatesfrontmap.tpl"  on line 1247 "spatialReference: {'wkid': 3857}"  - Unexpected ": ", expected one of: "}" <-- "
[12-Dec-2025 12:00:22] WARNING: [pool top.tumanitasia.es] child 746616 said into stderr: "  thrown in module:arcgisterrain3dviewstemplatesfrontmap.tpl on line 1247"
[12-Dec-2025 12:00:22] WARNING: [pool top.tumanitasia.es] child 746616 said into stderr: "PHP message: PHP Warning:  file_exists(): open_basedir restriction in effect. File(module:arcgisterrain3dviewstemplatesfrontmap.tpl) is not within the allowed path(s): (/var/www/vhosts/tumanitasia.es/:/tmp/) in /var/www/vhosts/tumanitasia.es/toprelieve/modules/ps_accounts/vendor/sentry/sentry/lib/Raven/Stacktrace.php on line 281"
[12-Dec-2025 12:03:13] WARNING: [pool top.tumanitasia.es] child 746796 said into stderr: "PHP message: PHP Fatal error:  Uncaught  --> Smarty Compiler: Syntax error in template "module:module:arcgisterrain3dviewstemplatesfrontmap.tpl"  on line 1247 "spatialReference: {'wkid': 3857}"  - Unexpected ": ", expected one of: "}" <-- "
[12-Dec-2025 12:03:13] WARNING: [pool top.tumanitasia.es] child 746796 said into stderr: "  thrown in module:arcgisterrain3dviewstemplatesfrontmap.tpl on line 1247"
[12-Dec-2025 12:03:13] WARNING: [pool top.tumanitasia.es] child 746796 said into stderr: "PHP message: PHP Warning:  file_exists(): open_basedir restriction in effect. File(module:arcgisterrain3dviewstemplatesfrontmap.tpl) is not within the allowed path(s): (/var/www/vhosts/tumanitasia.es/:/tmp/) in /var/www/vhosts/tumanitasia.es/toprelieve/modules/ps_accounts/vendor/sentry/sentry/lib/Raven/Stacktrace.php on line 281"
[12-Dec-2025 12:09:48] WARNING: [pool top.tumanitasia.es] child 747254 said into stderr: "PHP message: PHP Fatal error:  Uncaught  --> Smarty Compiler: Syntax error in template "module:module:arcgisterrain3dviewstemplatesfrontmap.tpl"  on line 1247 "spatialReference: {'wkid': 3857}"  - Unexpected ": ", expected one of: "}" <-- "
[12-Dec-2025 12:09:48] WARNING: [pool top.tumanitasia.es] child 747254 said into stderr: "  thrown in module:arcgisterrain3dviewstemplatesfrontmap.tpl on line 1247"
[12-Dec-2025 12:09:48] WARNING: [pool top.tumanitasia.es] child 747254 said into stderr: "PHP message: PHP Warning:  file_exists(): open_basedir restriction in effect. File(module:arcgisterrain3dviewstemplatesfrontmap.tpl) is not within the allowed path(s): (/var/www/vhosts/tumanitasia.es/:/tmp/) in /var/www/vhosts/tumanitasia.es/toprelieve/modules/ps_accounts/vendor/sentry/sentry/lib/Raven/Stacktrace.php on line 281"
[12-Dec-2025 12:17:54] WARNING: [pool top.tumanitasia.es] child 748585 said into stderr: "PHP message: PHP Fatal error:  Uncaught  --> Smarty Compiler: Syntax error in template "module:module:arcgisterrain3dviewstemplatesfrontmap.tpl"  on line 1247 "spatialReference: {"wkid": 3857}"  - Unexpected ": ", expected one of: "}" <-- "
[12-Dec-2025 12:17:54] WARNING: [pool top.tumanitasia.es] child 748585 said into stderr: "  thrown in module:arcgisterrain3dviewstemplatesfrontmap.tpl on line 1247"
[12-Dec-2025 12:17:54] WARNING: [pool top.tumanitasia.es] child 748585 said into stderr: "PHP message: PHP Warning:  file_exists(): open_basedir restriction in effect. File(module:arcgisterrain3dviewstemplatesfrontmap.tpl) is not within the allowed path(s): (/var/www/vhosts/tumanitasia.es/:/tmp/) in /var/www/vhosts/tumanitasia.es/toprelieve/modules/ps_accounts/vendor/sentry/sentry/lib/Raven/Stacktrace.php on line 281"
[12-Dec-2025 12:17:54] WARNING: [pool top.tumanitasia.es] child 748586 said into stderr: "PHP message: PHP Fatal error:  Uncaught  --> Smarty Compiler: Syntax error in template "module:module:arcgisterrain3dviewstemplatesfrontmap.tpl"  on line 1247 "spatialReference: {"wkid": 3857}"  - Unexpected ": ", expected one of: "}" <-- "
[12-Dec-2025 12:17:54] WARNING: [pool top.tumanitasia.es] child 748586 said into stderr: "  thrown in module:arcgisterrain3dviewstemplatesfrontmap.tpl on line 1247"
[12-Dec-2025 12:17:54] WARNING: [pool top.tumanitasia.es] child 748586 said into stderr: "PHP message: PHP Warning:  file_exists(): open_basedir restriction in effect. File(module:arcgisterrain3dviewstemplatesfrontmap.tpl) is not within the allowed path(s): (/var/www/vhosts/tumanitasia.es/:/tmp/) in /var/www/vhosts/tumanitasia.es/toprelieve/modules/ps_accounts/vendor/sentry/sentry/lib/Raven/Stacktrace.php on line 281"
[12-Dec-2025 12:18:25] WARNING: [pool top.tumanitasia.es] child 749065 said into stderr: "PHP message: PHP Fatal error:  Uncaught  --> Smarty Compiler: Syntax error in template "module:module:arcgisterrain3dviewstemplatesfrontmap.tpl"  on line 1247 "spatialReference: {"wkid": 3857}"  - Unexpected ": ", expected one of: "}" <-- "
[12-Dec-2025 12:18:25] WARNING: [pool top.tumanitasia.es] child 749065 said into stderr: "  thrown in module:arcgisterrain3dviewstemplatesfrontmap.tpl on line 1247"
[12-Dec-2025 12:18:25] WARNING: [pool top.tumanitasia.es] child 749065 said into stderr: "PHP message: PHP Warning:  file_exists(): open_basedir restriction in effect. File(module:arcgisterrain3dviewstemplatesfrontmap.tpl) is not within the allowed path(s): (/var/www/vhosts/tumanitasia.es/:/tmp/) in /var/www/vhosts/tumanitasia.es/toprelieve/modules/ps_accounts/vendor/sentry/sentry/lib/Raven/Stacktrace.php on line 281"
[12-Dec-2025 12:46:15] WARNING: [pool top.tumanitasia.es] child 752526 said into stderr: "PHP message: [ArcGIS LoadOrder Direct] Petición recibida"
[12-Dec-2025 12:46:15] WARNING: [pool top.tumanitasia.es] child 752526 said into stderr: "PHP message: [ArcGIS LoadOrder Direct] POST: Array"
[12-Dec-2025 12:46:15] WARNING: [pool top.tumanitasia.es] child 752526 said into stderr: "("
[12-Dec-2025 12:46:15] WARNING: [pool top.tumanitasia.es] child 752526 said into stderr: "    [ajax] => 1"
[12-Dec-2025 12:46:15] WARNING: [pool top.tumanitasia.es] child 752526 said into stderr: "    [order_id] => CSTELENEM"
[12-Dec-2025 12:46:15] WARNING: [pool top.tumanitasia.es] child 752526 said into stderr: ")"
[12-Dec-2025 12:46:15] WARNING: [pool top.tumanitasia.es] child 752526 said into stderr: "PHP message: [ArcGIS LoadOrder Direct] GET: Array"
[12-Dec-2025 12:46:15] WARNING: [pool top.tumanitasia.es] child 752526 said into stderr: "("
[12-Dec-2025 12:46:15] WARNING: [pool top.tumanitasia.es] child 752526 said into stderr: ")"
[12-Dec-2025 12:46:15] WARNING: [pool top.tumanitasia.es] child 752526 said into stderr: "PHP message: [ArcGIS LoadOrder Direct] orderInput: CSTELENEM"
[12-Dec-2025 12:46:15] WARNING: [pool top.tumanitasia.es] child 752526 said into stderr: "PHP message: [ArcGIS LoadOrder Direct] Buscando pedido: CSTELENEM"
[12-Dec-2025 12:46:15] WARNING: [pool top.tumanitasia.es] child 752526 said into stderr: "PHP message: [ArcGIS LoadOrder Direct] SQL: SELECT id_order FROM toporders WHERE reference = "CSTELENEM""
[12-Dec-2025 12:46:15] WARNING: [pool top.tumanitasia.es] child 752526 said into stderr: "PHP message: [ArcGIS LoadOrder Direct] ID encontrado: 19"
[12-Dec-2025 12:46:15] WARNING: [pool top.tumanitasia.es] child 752526 said into stderr: "PHP message: [ArcGIS LoadOrder Direct] Pedido cargado OK, ID: 19"
[12-Dec-2025 12:46:15] WARNING: [pool top.tumanitasia.es] child 752526 said into stderr: "PHP message: [ArcGIS LoadOrder Direct] id_cart del pedido: 21"
[12-Dec-2025 12:46:15] WARNING: [pool top.tumanitasia.es] child 752526 said into stderr: "PHP message: [ArcGIS LoadOrder Direct] Table name: toparc3d_terrain_data"
[12-Dec-2025 12:46:15] WARNING: [pool top.tumanitasia.es] child 752526 said into stderr: "PHP message: [ArcGIS LoadOrder Direct] Buscando: id_order=19, id_cart=21"
[12-Dec-2025 12:46:15] WARNING: [pool top.tumanitasia.es] child 752526 said into stderr: "PHP message: [ArcGIS LoadOrder Direct] SQL 1: SELECT * FROM `toparc3d_terrain_data` WHERE id_order = 19 ORDER BY date_add DESC"
[12-Dec-2025 12:46:15] WARNING: [pool top.tumanitasia.es] child 752526 said into stderr: "PHP message: [ArcGIS LoadOrder Direct] Resultado: Array"
[12-Dec-2025 12:46:15] WARNING: [pool top.tumanitasia.es] child 752526 said into stderr: "("
[12-Dec-2025 12:46:15] WARNING: [pool top.tumanitasia.es] child 752526 said into stderr: "    [id_terrain] => 2"
[12-Dec-2025 12:46:15] WARNING: [pool top.tumanitasia.es] child 752526 said into stderr: "    [id_cart] => 21"
[12-Dec-2025 12:46:15] WARNING: [pool top.tumanitasia.es] child 752526 said into stderr: "    [id_order] => 19"
[12-Dec-2025 12:46:15] WARNING: [pool top.tumanitasia.es] child 752526 said into stderr: "    [id_product] => 9"
[12-Dec-2025 12:46:15] WARNING: [pool top.tumanitasia.es] child 752526 said into stderr: "    [product_name] => Mountain fox cushion"
[12-Dec-2025 12:46:15] WARNING: [pool top.tumanitasia.es] child 752526 said into stderr: "    [latitude] => 42.654955"
[12-Dec-2025 12:46:15] WARNING: [pool top.tumanitasia.es] child 752526 said into stderr: "    [longitude] => 0.618942"
[12-Dec-2025 12:46:15] WARNING: [pool top.tumanitasia.es] child 752526 said into stderr: "    [area_km2] => 29.44"
[12-Dec-2025 12:46:15] WARNING: [pool top.tumanitasia.es] child 752526 said into stderr: "    [shape_type] => circle"
[12-Dec-2025 12:46:15] WARNING: [pool top.tumanitasia.es] child 752526 said into stderr: "    [file_size_mb] => 140.40"
[12-Dec-2025 12:46:15] WARNING: [pool top.tumanitasia.es] child 752526 said into stderr: "    [fingerprint] => arc3d_1765539669866_3h95ol"
[12-Dec-2025 12:46:15] WARNING: [pool top.tumanitasia.es] child 752526 said into stderr: "    [geometry_json] => {\"type\":\"circle\",\"centerX\":68900.35793062206,\"centerY\":5259599.07868428,\"radius\":2713.135886082484,\"spatialReference\":{\"wkid\":3857}}"
[12-Dec-2025 12:46:15] WARNING: [pool top.tumanitasia.es] child 752526 said into stderr: "    [date_add] => 2025-12-12 11:41:08"
[12-Dec-2025 12:46:15] WARNING: [pool top.tumanitasia.es] child 752526 said into stderr: ")"
[12-Dec-2025 12:46:15] WARNING: [pool top.tumanitasia.es] child 752526 said into stderr: "PHP message: [ArcGIS LoadOrder Direct] Éxito - devolviendo datos"
[12-Dec-2025 12:51:06] WARNING: [pool top.tumanitasia.es] child 752864 said into stderr: "PHP message: [ArcGIS LoadOrder Direct] Petición recibida"
[12-Dec-2025 12:51:06] WARNING: [pool top.tumanitasia.es] child 752864 said into stderr: "PHP message: [ArcGIS LoadOrder Direct] POST: Array"
[12-Dec-2025 12:51:06] WARNING: [pool top.tumanitasia.es] child 752864 said into stderr: "("
[12-Dec-2025 12:51:06] WARNING: [pool top.tumanitasia.es] child 752864 said into stderr: "    [ajax] => 1"
[12-Dec-2025 12:51:06] WARNING: [pool top.tumanitasia.es] child 752864 said into stderr: "    [order_id] => CSTELENEM"
[12-Dec-2025 12:51:06] WARNING: [pool top.tumanitasia.es] child 752864 said into stderr: ")"
[12-Dec-2025 12:51:06] WARNING: [pool top.tumanitasia.es] child 752864 said into stderr: "PHP message: [ArcGIS LoadOrder Direct] GET: Array"
[12-Dec-2025 12:51:06] WARNING: [pool top.tumanitasia.es] child 752864 said into stderr: "("
[12-Dec-2025 12:51:06] WARNING: [pool top.tumanitasia.es] child 752864 said into stderr: ")"
[12-Dec-2025 12:51:06] WARNING: [pool top.tumanitasia.es] child 752864 said into stderr: "PHP message: [ArcGIS LoadOrder Direct] orderInput: CSTELENEM"
[12-Dec-2025 12:51:06] WARNING: [pool top.tumanitasia.es] child 752864 said into stderr: "PHP message: [ArcGIS LoadOrder Direct] Buscando pedido: CSTELENEM"
[12-Dec-2025 12:51:06] WARNING: [pool top.tumanitasia.es] child 752864 said into stderr: "PHP message: [ArcGIS LoadOrder Direct] SQL: SELECT id_order FROM toporders WHERE reference = "CSTELENEM""
[12-Dec-2025 12:51:06] WARNING: [pool top.tumanitasia.es] child 752864 said into stderr: "PHP message: [ArcGIS LoadOrder Direct] ID encontrado: 19"
[12-Dec-2025 12:51:06] WARNING: [pool top.tumanitasia.es] child 752864 said into stderr: "PHP message: [ArcGIS LoadOrder Direct] Pedido cargado OK, ID: 19"
[12-Dec-2025 12:51:06] WARNING: [pool top.tumanitasia.es] child 752864 said into stderr: "PHP message: [ArcGIS LoadOrder Direct] id_cart del pedido: 21"
[12-Dec-2025 12:51:06] WARNING: [pool top.tumanitasia.es] child 752864 said into stderr: "PHP message: [ArcGIS LoadOrder Direct] Table name: toparc3d_terrain_data"
[12-Dec-2025 12:51:06] WARNING: [pool top.tumanitasia.es] child 752864 said into stderr: "PHP message: [ArcGIS LoadOrder Direct] Buscando: id_order=19, id_cart=21"
[12-Dec-2025 12:51:06] WARNING: [pool top.tumanitasia.es] child 752864 said into stderr: "PHP message: [ArcGIS LoadOrder Direct] SQL 1: SELECT * FROM `toparc3d_terrain_data` WHERE id_order = 19 ORDER BY date_add DESC"
[12-Dec-2025 12:51:06] WARNING: [pool top.tumanitasia.es] child 752864 said into stderr: "PHP message: [ArcGIS LoadOrder Direct] Resultado: Array"
[12-Dec-2025 12:51:06] WARNING: [pool top.tumanitasia.es] child 752864 said into stderr: "("
[12-Dec-2025 12:51:06] WARNING: [pool top.tumanitasia.es] child 752864 said into stderr: "    [id_terrain] => 2"
[12-Dec-2025 12:51:06] WARNING: [pool top.tumanitasia.es] child 752864 said into stderr: "    [id_cart] => 21"
[12-Dec-2025 12:51:06] WARNING: [pool top.tumanitasia.es] child 752864 said into stderr: "    [id_order] => 19"
[12-Dec-2025 12:51:06] WARNING: [pool top.tumanitasia.es] child 752864 said into stderr: "    [id_product] => 9"
[12-Dec-2025 12:51:06] WARNING: [pool top.tumanitasia.es] child 752864 said into stderr: "    [product_name] => Mountain fox cushion"
[12-Dec-2025 12:51:06] WARNING: [pool top.tumanitasia.es] child 752864 said into stderr: "    [latitude] => 42.654955"
[12-Dec-2025 12:51:06] WARNING: [pool top.tumanitasia.es] child 752864 said into stderr: "    [longitude] => 0.618942"
[12-Dec-2025 12:51:06] WARNING: [pool top.tumanitasia.es] child 752864 said into stderr: "    [area_km2] => 29.44"
[12-Dec-2025 12:51:06] WARNING: [pool top.tumanitasia.es] child 752864 said into stderr: "    [shape_type] => circle"
[12-Dec-2025 12:51:06] WARNING: [pool top.tumanitasia.es] child 752864 said into stderr: "    [file_size_mb] => 140.40"
[12-Dec-2025 12:51:06] WARNING: [pool top.tumanitasia.es] child 752864 said into stderr: "    [fingerprint] => arc3d_1765539669866_3h95ol"
[12-Dec-2025 12:51:06] WARNING: [pool top.tumanitasia.es] child 752864 said into stderr: "    [geometry_json] => {\"type\":\"circle\",\"centerX\":68900.35793062206,\"centerY\":5259599.07868428,\"radius\":2713.135886082484,\"spatialReference\":{\"wkid\":3857}}"
[12-Dec-2025 12:51:06] WARNING: [pool top.tumanitasia.es] child 752864 said into stderr: "    [date_add] => 2025-12-12 11:41:08"
[12-Dec-2025 12:51:06] WARNING: [pool top.tumanitasia.es] child 752864 said into stderr: ")"
[12-Dec-2025 12:51:06] WARNING: [pool top.tumanitasia.es] child 752864 said into stderr: "PHP message: [ArcGIS LoadOrder Direct] Éxito - devolviendo datos"
[12-Dec-2025 12:53:08] WARNING: [pool top.tumanitasia.es] child 752971 said into stderr: "PHP message: [ArcGIS LoadOrder Direct] Petición recibida"
[12-Dec-2025 12:53:08] WARNING: [pool top.tumanitasia.es] child 752971 said into stderr: "PHP message: [ArcGIS LoadOrder Direct] POST: Array"
[12-Dec-2025 12:53:08] WARNING: [pool top.tumanitasia.es] child 752971 said into stderr: "("
[12-Dec-2025 12:53:08] WARNING: [pool top.tumanitasia.es] child 752971 said into stderr: "    [ajax] => 1"
[12-Dec-2025 12:53:08] WARNING: [pool top.tumanitasia.es] child 752971 said into stderr: "    [order_id] => CSTELENEM"
[12-Dec-2025 12:53:08] WARNING: [pool top.tumanitasia.es] child 752971 said into stderr: ")"
[12-Dec-2025 12:53:08] WARNING: [pool top.tumanitasia.es] child 752971 said into stderr: "PHP message: [ArcGIS LoadOrder Direct] GET: Array"
[12-Dec-2025 12:53:08] WARNING: [pool top.tumanitasia.es] child 752971 said into stderr: "("
[12-Dec-2025 12:53:08] WARNING: [pool top.tumanitasia.es] child 752971 said into stderr: ")"
[12-Dec-2025 12:53:08] WARNING: [pool top.tumanitasia.es] child 752971 said into stderr: "PHP message: [ArcGIS LoadOrder Direct] orderInput: CSTELENEM"
[12-Dec-2025 12:53:08] WARNING: [pool top.tumanitasia.es] child 752971 said into stderr: "PHP message: [ArcGIS LoadOrder Direct] Buscando pedido: CSTELENEM"
[12-Dec-2025 12:53:08] WARNING: [pool top.tumanitasia.es] child 752971 said into stderr: "PHP message: [ArcGIS LoadOrder Direct] SQL: SELECT id_order FROM toporders WHERE reference = "CSTELENEM""
[12-Dec-2025 12:53:08] WARNING: [pool top.tumanitasia.es] child 752971 said into stderr: "PHP message: [ArcGIS LoadOrder Direct] ID encontrado: 19"
[12-Dec-2025 12:53:08] WARNING: [pool top.tumanitasia.es] child 752971 said into stderr: "PHP message: [ArcGIS LoadOrder Direct] Pedido cargado OK, ID: 19"
[12-Dec-2025 12:53:08] WARNING: [pool top.tumanitasia.es] child 752971 said into stderr: "PHP message: [ArcGIS LoadOrder Direct] id_cart del pedido: 21"
[12-Dec-2025 12:53:08] WARNING: [pool top.tumanitasia.es] child 752971 said into stderr: "PHP message: [ArcGIS LoadOrder Direct] Table name: toparc3d_terrain_data"
[12-Dec-2025 12:53:08] WARNING: [pool top.tumanitasia.es] child 752971 said into stderr: "PHP message: [ArcGIS LoadOrder Direct] Buscando: id_order=19, id_cart=21"
[12-Dec-2025 12:53:08] WARNING: [pool top.tumanitasia.es] child 752971 said into stderr: "PHP message: [ArcGIS LoadOrder Direct] SQL 1: SELECT * FROM `toparc3d_terrain_data` WHERE id_order = 19 ORDER BY date_add DESC"
[12-Dec-2025 12:53:08] WARNING: [pool top.tumanitasia.es] child 752971 said into stderr: "PHP message: [ArcGIS LoadOrder Direct] Resultado: Array"
[12-Dec-2025 12:53:08] WARNING: [pool top.tumanitasia.es] child 752971 said into stderr: "("
[12-Dec-2025 12:53:08] WARNING: [pool top.tumanitasia.es] child 752971 said into stderr: "    [id_terrain] => 2"
[12-Dec-2025 12:53:08] WARNING: [pool top.tumanitasia.es] child 752971 said into stderr: "    [id_cart] => 21"
[12-Dec-2025 12:53:08] WARNING: [pool top.tumanitasia.es] child 752971 said into stderr: "    [id_order] => 19"
[12-Dec-2025 12:53:08] WARNING: [pool top.tumanitasia.es] child 752971 said into stderr: "    [id_product] => 9"
[12-Dec-2025 12:53:08] WARNING: [pool top.tumanitasia.es] child 752971 said into stderr: "    [product_name] => Mountain fox cushion"
[12-Dec-2025 12:53:08] WARNING: [pool top.tumanitasia.es] child 752971 said into stderr: "    [latitude] => 42.654955"
[12-Dec-2025 12:53:08] WARNING: [pool top.tumanitasia.es] child 752971 said into stderr: "    [longitude] => 0.618942"
[12-Dec-2025 12:53:08] WARNING: [pool top.tumanitasia.es] child 752971 said into stderr: "    [area_km2] => 29.44"
[12-Dec-2025 12:53:08] WARNING: [pool top.tumanitasia.es] child 752971 said into stderr: "    [shape_type] => circle"
[12-Dec-2025 12:53:08] WARNING: [pool top.tumanitasia.es] child 752971 said into stderr: "    [file_size_mb] => 140.40"
[12-Dec-2025 12:53:08] WARNING: [pool top.tumanitasia.es] child 752971 said into stderr: "    [fingerprint] => arc3d_1765539669866_3h95ol"
[12-Dec-2025 12:53:08] WARNING: [pool top.tumanitasia.es] child 752971 said into stderr: "    [geometry_json] => {\"type\":\"circle\",\"centerX\":68900.35793062206,\"centerY\":5259599.07868428,\"radius\":2713.135886082484,\"spatialReference\":{\"wkid\":3857}}"
[12-Dec-2025 12:53:08] WARNING: [pool top.tumanitasia.es] child 752971 said into stderr: "    [date_add] => 2025-12-12 11:41:08"
[12-Dec-2025 12:53:08] WARNING: [pool top.tumanitasia.es] child 752971 said into stderr: ")"
[12-Dec-2025 12:53:08] WARNING: [pool top.tumanitasia.es] child 752971 said into stderr: "PHP message: [ArcGIS LoadOrder Direct] Éxito - devolviendo datos"
[12-Dec-2025 12:58:24] WARNING: [pool top.tumanitasia.es] child 753751 said into stderr: "PHP message: [ArcGIS LoadOrder Direct] Petición recibida"
[12-Dec-2025 12:58:24] WARNING: [pool top.tumanitasia.es] child 753751 said into stderr: "PHP message: [ArcGIS LoadOrder Direct] POST: Array"
[12-Dec-2025 12:58:24] WARNING: [pool top.tumanitasia.es] child 753751 said into stderr: "("
[12-Dec-2025 12:58:24] WARNING: [pool top.tumanitasia.es] child 753751 said into stderr: "    [ajax] => 1"
[12-Dec-2025 12:58:24] WARNING: [pool top.tumanitasia.es] child 753751 said into stderr: "    [order_id] => CSTELENEM"
[12-Dec-2025 12:58:24] WARNING: [pool top.tumanitasia.es] child 753751 said into stderr: ")"
[12-Dec-2025 12:58:24] WARNING: [pool top.tumanitasia.es] child 753751 said into stderr: "PHP message: [ArcGIS LoadOrder Direct] GET: Array"
[12-Dec-2025 12:58:24] WARNING: [pool top.tumanitasia.es] child 753751 said into stderr: "("
[12-Dec-2025 12:58:24] WARNING: [pool top.tumanitasia.es] child 753751 said into stderr: ")"
[12-Dec-2025 12:58:24] WARNING: [pool top.tumanitasia.es] child 753751 said into stderr: "PHP message: [ArcGIS LoadOrder Direct] orderInput: CSTELENEM"
[12-Dec-2025 12:58:24] WARNING: [pool top.tumanitasia.es] child 753751 said into stderr: "PHP message: [ArcGIS LoadOrder Direct] Buscando pedido: CSTELENEM"
[12-Dec-2025 12:58:24] WARNING: [pool top.tumanitasia.es] child 753751 said into stderr: "PHP message: [ArcGIS LoadOrder Direct] SQL: SELECT id_order FROM toporders WHERE reference = "CSTELENEM""
[12-Dec-2025 12:58:24] WARNING: [pool top.tumanitasia.es] child 753751 said into stderr: "PHP message: [ArcGIS LoadOrder Direct] ID encontrado: 19"
[12-Dec-2025 12:58:24] WARNING: [pool top.tumanitasia.es] child 753751 said into stderr: "PHP message: [ArcGIS LoadOrder Direct] Pedido cargado OK, ID: 19"
[12-Dec-2025 12:58:24] WARNING: [pool top.tumanitasia.es] child 753751 said into stderr: "PHP message: [ArcGIS LoadOrder Direct] id_cart del pedido: 21"
[12-Dec-2025 12:58:24] WARNING: [pool top.tumanitasia.es] child 753751 said into stderr: "PHP message: [ArcGIS LoadOrder Direct] Table name: toparc3d_terrain_data"
[12-Dec-2025 12:58:24] WARNING: [pool top.tumanitasia.es] child 753751 said into stderr: "PHP message: [ArcGIS LoadOrder Direct] Buscando: id_order=19, id_cart=21"
[12-Dec-2025 12:58:24] WARNING: [pool top.tumanitasia.es] child 753751 said into stderr: "PHP message: [ArcGIS LoadOrder Direct] SQL 1: SELECT * FROM `toparc3d_terrain_data` WHERE id_order = 19 ORDER BY date_add DESC"
[12-Dec-2025 12:58:24] WARNING: [pool top.tumanitasia.es] child 753751 said into stderr: "PHP message: [ArcGIS LoadOrder Direct] Resultado: Array"
[12-Dec-2025 12:58:24] WARNING: [pool top.tumanitasia.es] child 753751 said into stderr: "("
[12-Dec-2025 12:58:24] WARNING: [pool top.tumanitasia.es] child 753751 said into stderr: "    [id_terrain] => 2"
[12-Dec-2025 12:58:24] WARNING: [pool top.tumanitasia.es] child 753751 said into stderr: "    [id_cart] => 21"
[12-Dec-2025 12:58:24] WARNING: [pool top.tumanitasia.es] child 753751 said into stderr: "    [id_order] => 19"
[12-Dec-2025 12:58:24] WARNING: [pool top.tumanitasia.es] child 753751 said into stderr: "    [id_product] => 9"
[12-Dec-2025 12:58:24] WARNING: [pool top.tumanitasia.es] child 753751 said into stderr: "    [product_name] => Mountain fox cushion"
[12-Dec-2025 12:58:24] WARNING: [pool top.tumanitasia.es] child 753751 said into stderr: "    [latitude] => 42.654955"
[12-Dec-2025 12:58:24] WARNING: [pool top.tumanitasia.es] child 753751 said into stderr: "    [longitude] => 0.618942"
[12-Dec-2025 12:58:24] WARNING: [pool top.tumanitasia.es] child 753751 said into stderr: "    [area_km2] => 29.44"
[12-Dec-2025 12:58:24] WARNING: [pool top.tumanitasia.es] child 753751 said into stderr: "    [shape_type] => circle"
[12-Dec-2025 12:58:24] WARNING: [pool top.tumanitasia.es] child 753751 said into stderr: "    [file_size_mb] => 140.40"
[12-Dec-2025 12:58:24] WARNING: [pool top.tumanitasia.es] child 753751 said into stderr: "    [fingerprint] => arc3d_1765539669866_3h95ol"
[12-Dec-2025 12:58:24] WARNING: [pool top.tumanitasia.es] child 753751 said into stderr: "    [geometry_json] => {\"type\":\"circle\",\"centerX\":68900.35793062206,\"centerY\":5259599.07868428,\"radius\":2713.135886082484,\"spatialReference\":{\"wkid\":3857}}"
[12-Dec-2025 12:58:24] WARNING: [pool top.tumanitasia.es] child 753751 said into stderr: "    [date_add] => 2025-12-12 11:41:08"
[12-Dec-2025 12:58:24] WARNING: [pool top.tumanitasia.es] child 753751 said into stderr: ")"
[12-Dec-2025 12:58:24] WARNING: [pool top.tumanitasia.es] child 753751 said into stderr: "PHP message: [ArcGIS LoadOrder Direct] Éxito - devolviendo datos"
[12-Dec-2025 12:59:14] WARNING: [pool top.tumanitasia.es] child 753790 said into stderr: "PHP message: [ArcGIS LoadOrder Direct] Petición recibida"
[12-Dec-2025 12:59:14] WARNING: [pool top.tumanitasia.es] child 753790 said into stderr: "PHP message: [ArcGIS LoadOrder Direct] POST: Array"
[12-Dec-2025 12:59:14] WARNING: [pool top.tumanitasia.es] child 753790 said into stderr: "("
[12-Dec-2025 12:59:14] WARNING: [pool top.tumanitasia.es] child 753790 said into stderr: "    [ajax] => 1"
[12-Dec-2025 12:59:14] WARNING: [pool top.tumanitasia.es] child 753790 said into stderr: "    [order_id] => CSTELENEM"
[12-Dec-2025 12:59:14] WARNING: [pool top.tumanitasia.es] child 753790 said into stderr: ")"
[12-Dec-2025 12:59:14] WARNING: [pool top.tumanitasia.es] child 753790 said into stderr: "PHP message: [ArcGIS LoadOrder Direct] GET: Array"
[12-Dec-2025 12:59:14] WARNING: [pool top.tumanitasia.es] child 753790 said into stderr: "("
[12-Dec-2025 12:59:14] WARNING: [pool top.tumanitasia.es] child 753790 said into stderr: ")"
[12-Dec-2025 12:59:14] WARNING: [pool top.tumanitasia.es] child 753790 said into stderr: "PHP message: [ArcGIS LoadOrder Direct] orderInput: CSTELENEM"
[12-Dec-2025 12:59:14] WARNING: [pool top.tumanitasia.es] child 753790 said into stderr: "PHP message: [ArcGIS LoadOrder Direct] Buscando pedido: CSTELENEM"
[12-Dec-2025 12:59:14] WARNING: [pool top.tumanitasia.es] child 753790 said into stderr: "PHP message: [ArcGIS LoadOrder Direct] SQL: SELECT id_order FROM toporders WHERE reference = "CSTELENEM""
[12-Dec-2025 12:59:14] WARNING: [pool top.tumanitasia.es] child 753790 said into stderr: "PHP message: [ArcGIS LoadOrder Direct] ID encontrado: 19"
[12-Dec-2025 12:59:14] WARNING: [pool top.tumanitasia.es] child 753790 said into stderr: "PHP message: [ArcGIS LoadOrder Direct] Pedido cargado OK, ID: 19"
[12-Dec-2025 12:59:14] WARNING: [pool top.tumanitasia.es] child 753790 said into stderr: "PHP message: [ArcGIS LoadOrder Direct] id_cart del pedido: 21"
[12-Dec-2025 12:59:14] WARNING: [pool top.tumanitasia.es] child 753790 said into stderr: "PHP message: [ArcGIS LoadOrder Direct] Table name: toparc3d_terrain_data"
[12-Dec-2025 12:59:14] WARNING: [pool top.tumanitasia.es] child 753790 said into stderr: "PHP message: [ArcGIS LoadOrder Direct] Buscando: id_order=19, id_cart=21"
[12-Dec-2025 12:59:14] WARNING: [pool top.tumanitasia.es] child 753790 said into stderr: "PHP message: [ArcGIS LoadOrder Direct] SQL 1: SELECT * FROM `toparc3d_terrain_data` WHERE id_order = 19 ORDER BY date_add DESC"
[12-Dec-2025 12:59:14] WARNING: [pool top.tumanitasia.es] child 753790 said into stderr: "PHP message: [ArcGIS LoadOrder Direct] Resultado: Array"
[12-Dec-2025 12:59:14] WARNING: [pool top.tumanitasia.es] child 753790 said into stderr: "("
[12-Dec-2025 12:59:14] WARNING: [pool top.tumanitasia.es] child 753790 said into stderr: "    [id_terrain] => 2"
[12-Dec-2025 12:59:14] WARNING: [pool top.tumanitasia.es] child 753790 said into stderr: "    [id_cart] => 21"
[12-Dec-2025 12:59:14] WARNING: [pool top.tumanitasia.es] child 753790 said into stderr: "    [id_order] => 19"
[12-Dec-2025 12:59:14] WARNING: [pool top.tumanitasia.es] child 753790 said into stderr: "    [id_product] => 9"
[12-Dec-2025 12:59:14] WARNING: [pool top.tumanitasia.es] child 753790 said into stderr: "    [product_name] => Mountain fox cushion"
[12-Dec-2025 12:59:14] WARNING: [pool top.tumanitasia.es] child 753790 said into stderr: "    [latitude] => 42.654955"
[12-Dec-2025 12:59:14] WARNING: [pool top.tumanitasia.es] child 753790 said into stderr: "    [longitude] => 0.618942"
[12-Dec-2025 12:59:14] WARNING: [pool top.tumanitasia.es] child 753790 said into stderr: "    [area_km2] => 29.44"
[12-Dec-2025 12:59:14] WARNING: [pool top.tumanitasia.es] child 753790 said into stderr: "    [shape_type] => circle"
[12-Dec-2025 12:59:14] WARNING: [pool top.tumanitasia.es] child 753790 said into stderr: "    [file_size_mb] => 140.40"
[12-Dec-2025 12:59:14] WARNING: [pool top.tumanitasia.es] child 753790 said into stderr: "    [fingerprint] => arc3d_1765539669866_3h95ol"
[12-Dec-2025 12:59:14] WARNING: [pool top.tumanitasia.es] child 753790 said into stderr: "    [geometry_json] => {\"type\":\"circle\",\"centerX\":68900.35793062206,\"centerY\":5259599.07868428,\"radius\":2713.135886082484,\"spatialReference\":{\"wkid\":3857}}"
[12-Dec-2025 12:59:14] WARNING: [pool top.tumanitasia.es] child 753790 said into stderr: "    [date_add] => 2025-12-12 11:41:08"
[12-Dec-2025 12:59:14] WARNING: [pool top.tumanitasia.es] child 753790 said into stderr: ")"
[12-Dec-2025 12:59:14] WARNING: [pool top.tumanitasia.es] child 753790 said into stderr: "PHP message: [ArcGIS LoadOrder Direct] Éxito - devolviendo datos"
[12-Dec-2025 13:01:33] WARNING: [pool top.tumanitasia.es] child 754131 said into stderr: "PHP message: [ArcGIS LoadOrder Direct] Petición recibida"
[12-Dec-2025 13:01:33] WARNING: [pool top.tumanitasia.es] child 754131 said into stderr: "PHP message: [ArcGIS LoadOrder Direct] POST: Array"
[12-Dec-2025 13:01:33] WARNING: [pool top.tumanitasia.es] child 754131 said into stderr: "("
[12-Dec-2025 13:01:33] WARNING: [pool top.tumanitasia.es] child 754131 said into stderr: "    [ajax] => 1"
[12-Dec-2025 13:01:33] WARNING: [pool top.tumanitasia.es] child 754131 said into stderr: "    [order_id] => CSTELENEM"
[12-Dec-2025 13:01:33] WARNING: [pool top.tumanitasia.es] child 754131 said into stderr: ")"
[12-Dec-2025 13:01:33] WARNING: [pool top.tumanitasia.es] child 754131 said into stderr: "PHP message: [ArcGIS LoadOrder Direct] GET: Array"
[12-Dec-2025 13:01:33] WARNING: [pool top.tumanitasia.es] child 754131 said into stderr: "("
[12-Dec-2025 13:01:33] WARNING: [pool top.tumanitasia.es] child 754131 said into stderr: ")"
[12-Dec-2025 13:01:33] WARNING: [pool top.tumanitasia.es] child 754131 said into stderr: "PHP message: [ArcGIS LoadOrder Direct] orderInput: CSTELENEM"
[12-Dec-2025 13:01:33] WARNING: [pool top.tumanitasia.es] child 754131 said into stderr: "PHP message: [ArcGIS LoadOrder Direct] Buscando pedido: CSTELENEM"
[12-Dec-2025 13:01:33] WARNING: [pool top.tumanitasia.es] child 754131 said into stderr: "PHP message: [ArcGIS LoadOrder Direct] SQL: SELECT id_order FROM toporders WHERE reference = "CSTELENEM""
[12-Dec-2025 13:01:33] WARNING: [pool top.tumanitasia.es] child 754131 said into stderr: "PHP message: [ArcGIS LoadOrder Direct] ID encontrado: 19"
[12-Dec-2025 13:01:33] WARNING: [pool top.tumanitasia.es] child 754131 said into stderr: "PHP message: [ArcGIS LoadOrder Direct] Pedido cargado OK, ID: 19"
[12-Dec-2025 13:01:33] WARNING: [pool top.tumanitasia.es] child 754131 said into stderr: "PHP message: [ArcGIS LoadOrder Direct] id_cart del pedido: 21"
[12-Dec-2025 13:01:33] WARNING: [pool top.tumanitasia.es] child 754131 said into stderr: "PHP message: [ArcGIS LoadOrder Direct] Table name: toparc3d_terrain_data"
[12-Dec-2025 13:01:33] WARNING: [pool top.tumanitasia.es] child 754131 said into stderr: "PHP message: [ArcGIS LoadOrder Direct] Buscando: id_order=19, id_cart=21"
[12-Dec-2025 13:01:33] WARNING: [pool top.tumanitasia.es] child 754131 said into stderr: "PHP message: [ArcGIS LoadOrder Direct] SQL 1: SELECT * FROM `toparc3d_terrain_data` WHERE id_order = 19 ORDER BY date_add DESC"
[12-Dec-2025 13:01:33] WARNING: [pool top.tumanitasia.es] child 754131 said into stderr: "PHP message: [ArcGIS LoadOrder Direct] Resultado: Array"
[12-Dec-2025 13:01:33] WARNING: [pool top.tumanitasia.es] child 754131 said into stderr: "("
[12-Dec-2025 13:01:33] WARNING: [pool top.tumanitasia.es] child 754131 said into stderr: "    [id_terrain] => 2"
[12-Dec-2025 13:01:33] WARNING: [pool top.tumanitasia.es] child 754131 said into stderr: "    [id_cart] => 21"
[12-Dec-2025 13:01:33] WARNING: [pool top.tumanitasia.es] child 754131 said into stderr: "    [id_order] => 19"
[12-Dec-2025 13:01:33] WARNING: [pool top.tumanitasia.es] child 754131 said into stderr: "    [id_product] => 9"
[12-Dec-2025 13:01:33] WARNING: [pool top.tumanitasia.es] child 754131 said into stderr: "    [product_name] => Mountain fox cushion"
[12-Dec-2025 13:01:33] WARNING: [pool top.tumanitasia.es] child 754131 said into stderr: "    [latitude] => 42.654955"
[12-Dec-2025 13:01:33] WARNING: [pool top.tumanitasia.es] child 754131 said into stderr: "    [longitude] => 0.618942"
[12-Dec-2025 13:01:33] WARNING: [pool top.tumanitasia.es] child 754131 said into stderr: "    [area_km2] => 29.44"
[12-Dec-2025 13:01:33] WARNING: [pool top.tumanitasia.es] child 754131 said into stderr: "    [shape_type] => circle"
[12-Dec-2025 13:01:33] WARNING: [pool top.tumanitasia.es] child 754131 said into stderr: "    [file_size_mb] => 140.40"
[12-Dec-2025 13:01:33] WARNING: [pool top.tumanitasia.es] child 754131 said into stderr: "    [fingerprint] => arc3d_1765539669866_3h95ol"
[12-Dec-2025 13:01:33] WARNING: [pool top.tumanitasia.es] child 754131 said into stderr: "    [geometry_json] => {\"type\":\"circle\",\"centerX\":68900.35793062206,\"centerY\":5259599.07868428,\"radius\":2713.135886082484,\"spatialReference\":{\"wkid\":3857}}"
[12-Dec-2025 13:01:33] WARNING: [pool top.tumanitasia.es] child 754131 said into stderr: "    [date_add] => 2025-12-12 11:41:08"
[12-Dec-2025 13:01:33] WARNING: [pool top.tumanitasia.es] child 754131 said into stderr: ")"
[12-Dec-2025 13:01:33] WARNING: [pool top.tumanitasia.es] child 754131 said into stderr: "PHP message: [ArcGIS LoadOrder Direct] Éxito - devolviendo datos"
[12-Dec-2025 13:04:27] WARNING: [pool top.tumanitasia.es] child 754382 said into stderr: "PHP message: [ArcGIS LoadOrder Direct] Petición recibida"
[12-Dec-2025 13:04:27] WARNING: [pool top.tumanitasia.es] child 754382 said into stderr: "PHP message: [ArcGIS LoadOrder Direct] POST: Array"
[12-Dec-2025 13:04:27] WARNING: [pool top.tumanitasia.es] child 754382 said into stderr: "("
[12-Dec-2025 13:04:27] WARNING: [pool top.tumanitasia.es] child 754382 said into stderr: "    [ajax] => 1"
[12-Dec-2025 13:04:27] WARNING: [pool top.tumanitasia.es] child 754382 said into stderr: "    [order_id] => CSTELENEM"
[12-Dec-2025 13:04:27] WARNING: [pool top.tumanitasia.es] child 754382 said into stderr: ")"
[12-Dec-2025 13:04:27] WARNING: [pool top.tumanitasia.es] child 754382 said into stderr: "PHP message: [ArcGIS LoadOrder Direct] GET: Array"
[12-Dec-2025 13:04:27] WARNING: [pool top.tumanitasia.es] child 754382 said into stderr: "("
[12-Dec-2025 13:04:27] WARNING: [pool top.tumanitasia.es] child 754382 said into stderr: ")"
[12-Dec-2025 13:04:27] WARNING: [pool top.tumanitasia.es] child 754382 said into stderr: "PHP message: [ArcGIS LoadOrder Direct] orderInput: CSTELENEM"
[12-Dec-2025 13:04:27] WARNING: [pool top.tumanitasia.es] child 754382 said into stderr: "PHP message: [ArcGIS LoadOrder Direct] Buscando pedido: CSTELENEM"
[12-Dec-2025 13:04:27] WARNING: [pool top.tumanitasia.es] child 754382 said into stderr: "PHP message: [ArcGIS LoadOrder Direct] SQL: SELECT id_order FROM toporders WHERE reference = "CSTELENEM""
[12-Dec-2025 13:04:27] WARNING: [pool top.tumanitasia.es] child 754382 said into stderr: "PHP message: [ArcGIS LoadOrder Direct] ID encontrado: 19"
[12-Dec-2025 13:04:27] WARNING: [pool top.tumanitasia.es] child 754382 said into stderr: "PHP message: [ArcGIS LoadOrder Direct] Pedido cargado OK, ID: 19"
[12-Dec-2025 13:04:27] WARNING: [pool top.tumanitasia.es] child 754382 said into stderr: "PHP message: [ArcGIS LoadOrder Direct] id_cart del pedido: 21"
[12-Dec-2025 13:04:27] WARNING: [pool top.tumanitasia.es] child 754382 said into stderr: "PHP message: [ArcGIS LoadOrder Direct] Table name: toparc3d_terrain_data"
[12-Dec-2025 13:04:27] WARNING: [pool top.tumanitasia.es] child 754382 said into stderr: "PHP message: [ArcGIS LoadOrder Direct] Buscando: id_order=19, id_cart=21"
[12-Dec-2025 13:04:27] WARNING: [pool top.tumanitasia.es] child 754382 said into stderr: "PHP message: [ArcGIS LoadOrder Direct] SQL 1: SELECT * FROM `toparc3d_terrain_data` WHERE id_order = 19 ORDER BY date_add DESC"
[12-Dec-2025 13:04:27] WARNING: [pool top.tumanitasia.es] child 754382 said into stderr: "PHP message: [ArcGIS LoadOrder Direct] Resultado: Array"
[12-Dec-2025 13:04:27] WARNING: [pool top.tumanitasia.es] child 754382 said into stderr: "("
[12-Dec-2025 13:04:27] WARNING: [pool top.tumanitasia.es] child 754382 said into stderr: "    [id_terrain] => 2"
[12-Dec-2025 13:04:27] WARNING: [pool top.tumanitasia.es] child 754382 said into stderr: "    [id_cart] => 21"
[12-Dec-2025 13:04:27] WARNING: [pool top.tumanitasia.es] child 754382 said into stderr: "    [id_order] => 19"
[12-Dec-2025 13:04:27] WARNING: [pool top.tumanitasia.es] child 754382 said into stderr: "    [id_product] => 9"
[12-Dec-2025 13:04:27] WARNING: [pool top.tumanitasia.es] child 754382 said into stderr: "    [product_name] => Mountain fox cushion"
[12-Dec-2025 13:04:27] WARNING: [pool top.tumanitasia.es] child 754382 said into stderr: "    [latitude] => 42.654955"
[12-Dec-2025 13:04:27] WARNING: [pool top.tumanitasia.es] child 754382 said into stderr: "    [longitude] => 0.618942"
[12-Dec-2025 13:04:27] WARNING: [pool top.tumanitasia.es] child 754382 said into stderr: "    [area_km2] => 29.44"
[12-Dec-2025 13:04:27] WARNING: [pool top.tumanitasia.es] child 754382 said into stderr: "    [shape_type] => circle"
[12-Dec-2025 13:04:27] WARNING: [pool top.tumanitasia.es] child 754382 said into stderr: "    [file_size_mb] => 140.40"
[12-Dec-2025 13:04:27] WARNING: [pool top.tumanitasia.es] child 754382 said into stderr: "    [fingerprint] => arc3d_1765539669866_3h95ol"
[12-Dec-2025 13:04:27] WARNING: [pool top.tumanitasia.es] child 754382 said into stderr: "    [geometry_json] => {\"type\":\"circle\",\"centerX\":68900.35793062206,\"centerY\":5259599.07868428,\"radius\":2713.135886082484,\"spatialReference\":{\"wkid\":3857}}"
[12-Dec-2025 13:04:27] WARNING: [pool top.tumanitasia.es] child 754382 said into stderr: "    [date_add] => 2025-12-12 11:41:08"
[12-Dec-2025 13:04:27] WARNING: [pool top.tumanitasia.es] child 754382 said into stderr: ")"
[12-Dec-2025 13:04:27] WARNING: [pool top.tumanitasia.es] child 754382 said into stderr: "PHP message: [ArcGIS LoadOrder Direct] Éxito - devolviendo datos"
[12-Dec-2025 13:06:13] WARNING: [pool top.tumanitasia.es] child 754613 said into stderr: "PHP message: [ArcGIS LoadOrder Direct] Petición recibida"
[12-Dec-2025 13:06:13] WARNING: [pool top.tumanitasia.es] child 754613 said into stderr: "PHP message: [ArcGIS LoadOrder Direct] POST: Array"
[12-Dec-2025 13:06:13] WARNING: [pool top.tumanitasia.es] child 754613 said into stderr: "("
[12-Dec-2025 13:06:13] WARNING: [pool top.tumanitasia.es] child 754613 said into stderr: "    [ajax] => 1"
[12-Dec-2025 13:06:13] WARNING: [pool top.tumanitasia.es] child 754613 said into stderr: "    [order_id] => CSTELENEM"
[12-Dec-2025 13:06:13] WARNING: [pool top.tumanitasia.es] child 754613 said into stderr: ")"
[12-Dec-2025 13:06:13] WARNING: [pool top.tumanitasia.es] child 754613 said into stderr: "PHP message: [ArcGIS LoadOrder Direct] GET: Array"
[12-Dec-2025 13:06:13] WARNING: [pool top.tumanitasia.es] child 754613 said into stderr: "("
[12-Dec-2025 13:06:13] WARNING: [pool top.tumanitasia.es] child 754613 said into stderr: ")"
[12-Dec-2025 13:06:13] WARNING: [pool top.tumanitasia.es] child 754613 said into stderr: "PHP message: [ArcGIS LoadOrder Direct] orderInput: CSTELENEM"
[12-Dec-2025 13:06:13] WARNING: [pool top.tumanitasia.es] child 754613 said into stderr: "PHP message: [ArcGIS LoadOrder Direct] Buscando pedido: CSTELENEM"
[12-Dec-2025 13:06:13] WARNING: [pool top.tumanitasia.es] child 754613 said into stderr: "PHP message: [ArcGIS LoadOrder Direct] SQL: SELECT id_order FROM toporders WHERE reference = "CSTELENEM""
[12-Dec-2025 13:06:13] WARNING: [pool top.tumanitasia.es] child 754613 said into stderr: "PHP message: [ArcGIS LoadOrder Direct] ID encontrado: 19"
[12-Dec-2025 13:06:13] WARNING: [pool top.tumanitasia.es] child 754613 said into stderr: "PHP message: [ArcGIS LoadOrder Direct] Pedido cargado OK, ID: 19"
[12-Dec-2025 13:06:13] WARNING: [pool top.tumanitasia.es] child 754613 said into stderr: "PHP message: [ArcGIS LoadOrder Direct] id_cart del pedido: 21"
[12-Dec-2025 13:06:13] WARNING: [pool top.tumanitasia.es] child 754613 said into stderr: "PHP message: [ArcGIS LoadOrder Direct] Table name: toparc3d_terrain_data"
[12-Dec-2025 13:06:13] WARNING: [pool top.tumanitasia.es] child 754613 said into stderr: "PHP message: [ArcGIS LoadOrder Direct] Buscando: id_order=19, id_cart=21"
[12-Dec-2025 13:06:13] WARNING: [pool top.tumanitasia.es] child 754613 said into stderr: "PHP message: [ArcGIS LoadOrder Direct] SQL 1: SELECT * FROM `toparc3d_terrain_data` WHERE id_order = 19 ORDER BY date_add DESC"
[12-Dec-2025 13:06:13] WARNING: [pool top.tumanitasia.es] child 754613 said into stderr: "PHP message: [ArcGIS LoadOrder Direct] Resultado: Array"
[12-Dec-2025 13:06:13] WARNING: [pool top.tumanitasia.es] child 754613 said into stderr: "("
[12-Dec-2025 13:06:13] WARNING: [pool top.tumanitasia.es] child 754613 said into stderr: "    [id_terrain] => 2"
[12-Dec-2025 13:06:13] WARNING: [pool top.tumanitasia.es] child 754613 said into stderr: "    [id_cart] => 21"
[12-Dec-2025 13:06:13] WARNING: [pool top.tumanitasia.es] child 754613 said into stderr: "    [id_order] => 19"
[12-Dec-2025 13:06:13] WARNING: [pool top.tumanitasia.es] child 754613 said into stderr: "    [id_product] => 9"
[12-Dec-2025 13:06:13] WARNING: [pool top.tumanitasia.es] child 754613 said into stderr: "    [product_name] => Mountain fox cushion"
[12-Dec-2025 13:06:13] WARNING: [pool top.tumanitasia.es] child 754613 said into stderr: "    [latitude] => 42.654955"
[12-Dec-2025 13:06:13] WARNING: [pool top.tumanitasia.es] child 754613 said into stderr: "    [longitude] => 0.618942"
[12-Dec-2025 13:06:13] WARNING: [pool top.tumanitasia.es] child 754613 said into stderr: "    [area_km2] => 29.44"
[12-Dec-2025 13:06:13] WARNING: [pool top.tumanitasia.es] child 754613 said into stderr: "    [shape_type] => circle"
[12-Dec-2025 13:06:13] WARNING: [pool top.tumanitasia.es] child 754613 said into stderr: "    [file_size_mb] => 140.40"
[12-Dec-2025 13:06:13] WARNING: [pool top.tumanitasia.es] child 754613 said into stderr: "    [fingerprint] => arc3d_1765539669866_3h95ol"
[12-Dec-2025 13:06:13] WARNING: [pool top.tumanitasia.es] child 754613 said into stderr: "    [geometry_json] => {\"type\":\"circle\",\"centerX\":68900.35793062206,\"centerY\":5259599.07868428,\"radius\":2713.135886082484,\"spatialReference\":{\"wkid\":3857}}"
[12-Dec-2025 13:06:13] WARNING: [pool top.tumanitasia.es] child 754613 said into stderr: "    [date_add] => 2025-12-12 11:41:08"
[12-Dec-2025 13:06:13] WARNING: [pool top.tumanitasia.es] child 754613 said into stderr: ")"
[12-Dec-2025 13:06:13] WARNING: [pool top.tumanitasia.es] child 754613 said into stderr: "PHP message: [ArcGIS LoadOrder Direct] Éxito - devolviendo datos"
[12-Dec-2025 13:06:13] WARNING: [pool top.tumanitasia.es] child 754613 said into stderr: "PHP message: [ArcGIS LoadOrder Direct] Error decodificando geometry_json"
[12-Dec-2025 13:08:55] WARNING: [pool top.tumanitasia.es] child 754833 said into stderr: "PHP message: [ArcGIS LoadOrder Direct] Petición recibida"
[12-Dec-2025 13:08:55] WARNING: [pool top.tumanitasia.es] child 754833 said into stderr: "PHP message: [ArcGIS LoadOrder Direct] POST: Array"
[12-Dec-2025 13:08:55] WARNING: [pool top.tumanitasia.es] child 754833 said into stderr: "("
[12-Dec-2025 13:08:55] WARNING: [pool top.tumanitasia.es] child 754833 said into stderr: "    [ajax] => 1"
[12-Dec-2025 13:08:55] WARNING: [pool top.tumanitasia.es] child 754833 said into stderr: "    [order_id] => CSTELENEM"
[12-Dec-2025 13:08:55] WARNING: [pool top.tumanitasia.es] child 754833 said into stderr: ")"
[12-Dec-2025 13:08:55] WARNING: [pool top.tumanitasia.es] child 754833 said into stderr: "PHP message: [ArcGIS LoadOrder Direct] GET: Array"
[12-Dec-2025 13:08:55] WARNING: [pool top.tumanitasia.es] child 754833 said into stderr: "("
[12-Dec-2025 13:08:55] WARNING: [pool top.tumanitasia.es] child 754833 said into stderr: ")"
[12-Dec-2025 13:08:55] WARNING: [pool top.tumanitasia.es] child 754833 said into stderr: "PHP message: [ArcGIS LoadOrder Direct] orderInput: CSTELENEM"
[12-Dec-2025 13:08:55] WARNING: [pool top.tumanitasia.es] child 754833 said into stderr: "PHP message: [ArcGIS LoadOrder Direct] Buscando pedido: CSTELENEM"
[12-Dec-2025 13:08:55] WARNING: [pool top.tumanitasia.es] child 754833 said into stderr: "PHP message: [ArcGIS LoadOrder Direct] SQL: SELECT id_order FROM toporders WHERE reference = "CSTELENEM""
[12-Dec-2025 13:08:55] WARNING: [pool top.tumanitasia.es] child 754833 said into stderr: "PHP message: [ArcGIS LoadOrder Direct] ID encontrado: 19"
[12-Dec-2025 13:08:55] WARNING: [pool top.tumanitasia.es] child 754833 said into stderr: "PHP message: [ArcGIS LoadOrder Direct] Pedido cargado OK, ID: 19"
[12-Dec-2025 13:08:55] WARNING: [pool top.tumanitasia.es] child 754833 said into stderr: "PHP message: [ArcGIS LoadOrder Direct] id_cart del pedido: 21"
[12-Dec-2025 13:08:55] WARNING: [pool top.tumanitasia.es] child 754833 said into stderr: "PHP message: [ArcGIS LoadOrder Direct] Table name: toparc3d_terrain_data"
[12-Dec-2025 13:08:55] WARNING: [pool top.tumanitasia.es] child 754833 said into stderr: "PHP message: [ArcGIS LoadOrder Direct] Buscando: id_order=19, id_cart=21"
[12-Dec-2025 13:08:55] WARNING: [pool top.tumanitasia.es] child 754833 said into stderr: "PHP message: [ArcGIS LoadOrder Direct] SQL 1: SELECT * FROM `toparc3d_terrain_data` WHERE id_order = 19 ORDER BY date_add DESC"
[12-Dec-2025 13:08:55] WARNING: [pool top.tumanitasia.es] child 754833 said into stderr: "PHP message: [ArcGIS LoadOrder Direct] Resultado: Array"
[12-Dec-2025 13:08:55] WARNING: [pool top.tumanitasia.es] child 754833 said into stderr: "("
[12-Dec-2025 13:08:55] WARNING: [pool top.tumanitasia.es] child 754833 said into stderr: "    [id_terrain] => 2"
[12-Dec-2025 13:08:55] WARNING: [pool top.tumanitasia.es] child 754833 said into stderr: "    [id_cart] => 21"
[12-Dec-2025 13:08:55] WARNING: [pool top.tumanitasia.es] child 754833 said into stderr: "    [id_order] => 19"
[12-Dec-2025 13:08:55] WARNING: [pool top.tumanitasia.es] child 754833 said into stderr: "    [id_product] => 9"
[12-Dec-2025 13:08:55] WARNING: [pool top.tumanitasia.es] child 754833 said into stderr: "    [product_name] => Mountain fox cushion"
[12-Dec-2025 13:08:55] WARNING: [pool top.tumanitasia.es] child 754833 said into stderr: "    [latitude] => 42.654955"
[12-Dec-2025 13:08:55] WARNING: [pool top.tumanitasia.es] child 754833 said into stderr: "    [longitude] => 0.618942"
[12-Dec-2025 13:08:55] WARNING: [pool top.tumanitasia.es] child 754833 said into stderr: "    [area_km2] => 29.44"
[12-Dec-2025 13:08:55] WARNING: [pool top.tumanitasia.es] child 754833 said into stderr: "    [shape_type] => circle"
[12-Dec-2025 13:08:55] WARNING: [pool top.tumanitasia.es] child 754833 said into stderr: "    [file_size_mb] => 140.40"
[12-Dec-2025 13:08:55] WARNING: [pool top.tumanitasia.es] child 754833 said into stderr: "    [fingerprint] => arc3d_1765539669866_3h95ol"
[12-Dec-2025 13:08:55] WARNING: [pool top.tumanitasia.es] child 754833 said into stderr: "    [geometry_json] => {\"type\":\"circle\",\"centerX\":68900.35793062206,\"centerY\":5259599.07868428,\"radius\":2713.135886082484,\"spatialReference\":{\"wkid\":3857}}"
[12-Dec-2025 13:08:55] WARNING: [pool top.tumanitasia.es] child 754833 said into stderr: "    [date_add] => 2025-12-12 11:41:08"
[12-Dec-2025 13:08:55] WARNING: [pool top.tumanitasia.es] child 754833 said into stderr: ")"
[12-Dec-2025 13:08:55] WARNING: [pool top.tumanitasia.es] child 754833 said into stderr: "PHP message: [ArcGIS LoadOrder Direct] Éxito - devolviendo datos"
[12-Dec-2025 13:08:55] WARNING: [pool top.tumanitasia.es] child 754833 said into stderr: "PHP message: [ArcGIS LoadOrder Direct] Error decodificando geometry_json"
[12-Dec-2025 13:13:38] WARNING: [pool top.tumanitasia.es] child 755562 said into stderr: "PHP message: [ArcGIS LoadOrder Direct] Petición recibida"
[12-Dec-2025 13:13:38] WARNING: [pool top.tumanitasia.es] child 755562 said into stderr: "PHP message: [ArcGIS LoadOrder Direct] POST: Array"
[12-Dec-2025 13:13:38] WARNING: [pool top.tumanitasia.es] child 755562 said into stderr: "("
[12-Dec-2025 13:13:38] WARNING: [pool top.tumanitasia.es] child 755562 said into stderr: "    [ajax] => 1"
[12-Dec-2025 13:13:38] WARNING: [pool top.tumanitasia.es] child 755562 said into stderr: "    [order_id] => CSTELENEM"
[12-Dec-2025 13:13:38] WARNING: [pool top.tumanitasia.es] child 755562 said into stderr: ")"
[12-Dec-2025 13:13:38] WARNING: [pool top.tumanitasia.es] child 755562 said into stderr: "PHP message: [ArcGIS LoadOrder Direct] GET: Array"
[12-Dec-2025 13:13:38] WARNING: [pool top.tumanitasia.es] child 755562 said into stderr: "("
[12-Dec-2025 13:13:38] WARNING: [pool top.tumanitasia.es] child 755562 said into stderr: ")"
[12-Dec-2025 13:13:38] WARNING: [pool top.tumanitasia.es] child 755562 said into stderr: "PHP message: [ArcGIS LoadOrder Direct] orderInput: CSTELENEM"
[12-Dec-2025 13:13:38] WARNING: [pool top.tumanitasia.es] child 755562 said into stderr: "PHP message: [ArcGIS LoadOrder Direct] Buscando pedido: CSTELENEM"
[12-Dec-2025 13:13:38] WARNING: [pool top.tumanitasia.es] child 755562 said into stderr: "PHP message: [ArcGIS LoadOrder Direct] SQL: SELECT id_order FROM toporders WHERE reference = "CSTELENEM""
[12-Dec-2025 13:13:38] WARNING: [pool top.tumanitasia.es] child 755562 said into stderr: "PHP message: [ArcGIS LoadOrder Direct] ID encontrado: 19"
[12-Dec-2025 13:13:38] WARNING: [pool top.tumanitasia.es] child 755562 said into stderr: "PHP message: [ArcGIS LoadOrder Direct] Pedido cargado OK, ID: 19"
[12-Dec-2025 13:13:38] WARNING: [pool top.tumanitasia.es] child 755562 said into stderr: "PHP message: [ArcGIS LoadOrder Direct] id_cart del pedido: 21"
[12-Dec-2025 13:13:38] WARNING: [pool top.tumanitasia.es] child 755562 said into stderr: "PHP message: [ArcGIS LoadOrder Direct] Table name: toparc3d_terrain_data"
[12-Dec-2025 13:13:38] WARNING: [pool top.tumanitasia.es] child 755562 said into stderr: "PHP message: [ArcGIS LoadOrder Direct] Buscando: id_order=19, id_cart=21"
[12-Dec-2025 13:13:38] WARNING: [pool top.tumanitasia.es] child 755562 said into stderr: "PHP message: [ArcGIS LoadOrder Direct] SQL 1: SELECT * FROM `toparc3d_terrain_data` WHERE id_order = 19 ORDER BY date_add DESC"
[12-Dec-2025 13:13:38] WARNING: [pool top.tumanitasia.es] child 755562 said into stderr: "PHP message: [ArcGIS LoadOrder Direct] Resultado: Array"
[12-Dec-2025 13:13:38] WARNING: [pool top.tumanitasia.es] child 755562 said into stderr: "("
[12-Dec-2025 13:13:38] WARNING: [pool top.tumanitasia.es] child 755562 said into stderr: "    [id_terrain] => 2"
[12-Dec-2025 13:13:38] WARNING: [pool top.tumanitasia.es] child 755562 said into stderr: "    [id_cart] => 21"
[12-Dec-2025 13:13:38] WARNING: [pool top.tumanitasia.es] child 755562 said into stderr: "    [id_order] => 19"
[12-Dec-2025 13:13:38] WARNING: [pool top.tumanitasia.es] child 755562 said into stderr: "    [id_product] => 9"
[12-Dec-2025 13:13:38] WARNING: [pool top.tumanitasia.es] child 755562 said into stderr: "    [product_name] => Mountain fox cushion"
[12-Dec-2025 13:13:38] WARNING: [pool top.tumanitasia.es] child 755562 said into stderr: "    [latitude] => 42.654955"
[12-Dec-2025 13:13:38] WARNING: [pool top.tumanitasia.es] child 755562 said into stderr: "    [longitude] => 0.618942"
[12-Dec-2025 13:13:38] WARNING: [pool top.tumanitasia.es] child 755562 said into stderr: "    [area_km2] => 29.44"
[12-Dec-2025 13:13:38] WARNING: [pool top.tumanitasia.es] child 755562 said into stderr: "    [shape_type] => circle"
[12-Dec-2025 13:13:38] WARNING: [pool top.tumanitasia.es] child 755562 said into stderr: "    [file_size_mb] => 140.40"
[12-Dec-2025 13:13:38] WARNING: [pool top.tumanitasia.es] child 755562 said into stderr: "    [fingerprint] => arc3d_1765539669866_3h95ol"
[12-Dec-2025 13:13:38] WARNING: [pool top.tumanitasia.es] child 755562 said into stderr: "    [geometry_json] => {\"type\":\"circle\",\"centerX\":68900.35793062206,\"centerY\":5259599.07868428,\"radius\":2713.135886082484,\"spatialReference\":{\"wkid\":3857}}"
[12-Dec-2025 13:13:38] WARNING: [pool top.tumanitasia.es] child 755562 said into stderr: "    [date_add] => 2025-12-12 11:41:08"
[12-Dec-2025 13:13:38] WARNING: [pool top.tumanitasia.es] child 755562 said into stderr: ")"
[12-Dec-2025 13:13:38] WARNING: [pool top.tumanitasia.es] child 755562 said into stderr: "PHP message: [ArcGIS LoadOrder Direct] Éxito - devolviendo datos"
[12-Dec-2025 13:13:38] WARNING: [pool top.tumanitasia.es] child 755562 said into stderr: "PHP message: [ArcGIS LoadOrder Direct] Error decodificando geometry_json"
[12-Dec-2025 13:13:56] WARNING: [pool top.tumanitasia.es] child 755566 said into stderr: "PHP message: [ArcGIS LoadOrder Direct] Petición recibida"
[12-Dec-2025 13:13:56] WARNING: [pool top.tumanitasia.es] child 755566 said into stderr: "PHP message: [ArcGIS LoadOrder Direct] POST: Array"
[12-Dec-2025 13:13:56] WARNING: [pool top.tumanitasia.es] child 755566 said into stderr: "("
[12-Dec-2025 13:13:56] WARNING: [pool top.tumanitasia.es] child 755566 said into stderr: "    [ajax] => 1"
[12-Dec-2025 13:13:56] WARNING: [pool top.tumanitasia.es] child 755566 said into stderr: "    [order_id] => CSTELENEM"
[12-Dec-2025 13:13:56] WARNING: [pool top.tumanitasia.es] child 755566 said into stderr: ")"
[12-Dec-2025 13:13:56] WARNING: [pool top.tumanitasia.es] child 755566 said into stderr: "PHP message: [ArcGIS LoadOrder Direct] GET: Array"
[12-Dec-2025 13:13:56] WARNING: [pool top.tumanitasia.es] child 755566 said into stderr: "("
[12-Dec-2025 13:13:56] WARNING: [pool top.tumanitasia.es] child 755566 said into stderr: ")"
[12-Dec-2025 13:13:56] WARNING: [pool top.tumanitasia.es] child 755566 said into stderr: "PHP message: [ArcGIS LoadOrder Direct] orderInput: CSTELENEM"
[12-Dec-2025 13:13:56] WARNING: [pool top.tumanitasia.es] child 755566 said into stderr: "PHP message: [ArcGIS LoadOrder Direct] Buscando pedido: CSTELENEM"
[12-Dec-2025 13:13:56] WARNING: [pool top.tumanitasia.es] child 755566 said into stderr: "PHP message: [ArcGIS LoadOrder Direct] SQL: SELECT id_order FROM toporders WHERE reference = "CSTELENEM""
[12-Dec-2025 13:13:56] WARNING: [pool top.tumanitasia.es] child 755566 said into stderr: "PHP message: [ArcGIS LoadOrder Direct] ID encontrado: 19"
[12-Dec-2025 13:13:56] WARNING: [pool top.tumanitasia.es] child 755566 said into stderr: "PHP message: [ArcGIS LoadOrder Direct] Pedido cargado OK, ID: 19"
[12-Dec-2025 13:13:56] WARNING: [pool top.tumanitasia.es] child 755566 said into stderr: "PHP message: [ArcGIS LoadOrder Direct] id_cart del pedido: 21"
[12-Dec-2025 13:13:56] WARNING: [pool top.tumanitasia.es] child 755566 said into stderr: "PHP message: [ArcGIS LoadOrder Direct] Table name: toparc3d_terrain_data"
[12-Dec-2025 13:13:56] WARNING: [pool top.tumanitasia.es] child 755566 said into stderr: "PHP message: [ArcGIS LoadOrder Direct] Buscando: id_order=19, id_cart=21"
[12-Dec-2025 13:13:56] WARNING: [pool top.tumanitasia.es] child 755566 said into stderr: "PHP message: [ArcGIS LoadOrder Direct] SQL 1: SELECT * FROM `toparc3d_terrain_data` WHERE id_order = 19 ORDER BY date_add DESC"
[12-Dec-2025 13:13:56] WARNING: [pool top.tumanitasia.es] child 755566 said into stderr: "PHP message: [ArcGIS LoadOrder Direct] Resultado: Array"
[12-Dec-2025 13:13:56] WARNING: [pool top.tumanitasia.es] child 755566 said into stderr: "("
[12-Dec-2025 13:13:56] WARNING: [pool top.tumanitasia.es] child 755566 said into stderr: "    [id_terrain] => 2"
[12-Dec-2025 13:13:56] WARNING: [pool top.tumanitasia.es] child 755566 said into stderr: "    [id_cart] => 21"
[12-Dec-2025 13:13:56] WARNING: [pool top.tumanitasia.es] child 755566 said into stderr: "    [id_order] => 19"
[12-Dec-2025 13:13:56] WARNING: [pool top.tumanitasia.es] child 755566 said into stderr: "    [id_product] => 9"
[12-Dec-2025 13:13:56] WARNING: [pool top.tumanitasia.es] child 755566 said into stderr: "    [product_name] => Mountain fox cushion"
[12-Dec-2025 13:13:56] WARNING: [pool top.tumanitasia.es] child 755566 said into stderr: "    [latitude] => 42.654955"
[12-Dec-2025 13:13:56] WARNING: [pool top.tumanitasia.es] child 755566 said into stderr: "    [longitude] => 0.618942"
[12-Dec-2025 13:13:56] WARNING: [pool top.tumanitasia.es] child 755566 said into stderr: "    [area_km2] => 29.44"
[12-Dec-2025 13:13:56] WARNING: [pool top.tumanitasia.es] child 755566 said into stderr: "    [shape_type] => circle"
[12-Dec-2025 13:13:56] WARNING: [pool top.tumanitasia.es] child 755566 said into stderr: "    [file_size_mb] => 140.40"
[12-Dec-2025 13:13:56] WARNING: [pool top.tumanitasia.es] child 755566 said into stderr: "    [fingerprint] => arc3d_1765539669866_3h95ol"
[12-Dec-2025 13:13:56] WARNING: [pool top.tumanitasia.es] child 755566 said into stderr: "    [geometry_json] => {\"type\":\"circle\",\"centerX\":68900.35793062206,\"centerY\":5259599.07868428,\"radius\":2713.135886082484,\"spatialReference\":{\"wkid\":3857}}"
[12-Dec-2025 13:13:56] WARNING: [pool top.tumanitasia.es] child 755566 said into stderr: "    [date_add] => 2025-12-12 11:41:08"
[12-Dec-2025 13:13:56] WARNING: [pool top.tumanitasia.es] child 755566 said into stderr: ")"
[12-Dec-2025 13:13:56] WARNING: [pool top.tumanitasia.es] child 755566 said into stderr: "PHP message: [ArcGIS LoadOrder Direct] Éxito - devolviendo datos"
[12-Dec-2025 13:13:56] WARNING: [pool top.tumanitasia.es] child 755566 said into stderr: "PHP message: [ArcGIS LoadOrder Direct] Error decodificando geometry_json"
[12-Dec-2025 13:15:24] WARNING: [pool top.tumanitasia.es] child 755654 said into stderr: "PHP message: [ArcGIS LoadOrder Direct] Petición recibida"
[12-Dec-2025 13:15:24] WARNING: [pool top.tumanitasia.es] child 755654 said into stderr: "PHP message: [ArcGIS LoadOrder Direct] POST: Array"
[12-Dec-2025 13:15:24] WARNING: [pool top.tumanitasia.es] child 755654 said into stderr: "("
[12-Dec-2025 13:15:24] WARNING: [pool top.tumanitasia.es] child 755654 said into stderr: "    [ajax] => 1"
[12-Dec-2025 13:15:24] WARNING: [pool top.tumanitasia.es] child 755654 said into stderr: "    [order_id] => CSTELENEM"
[12-Dec-2025 13:15:24] WARNING: [pool top.tumanitasia.es] child 755654 said into stderr: ")"
[12-Dec-2025 13:15:24] WARNING: [pool top.tumanitasia.es] child 755654 said into stderr: "PHP message: [ArcGIS LoadOrder Direct] GET: Array"
[12-Dec-2025 13:15:24] WARNING: [pool top.tumanitasia.es] child 755654 said into stderr: "("
[12-Dec-2025 13:15:24] WARNING: [pool top.tumanitasia.es] child 755654 said into stderr: ")"
[12-Dec-2025 13:15:24] WARNING: [pool top.tumanitasia.es] child 755654 said into stderr: "PHP message: [ArcGIS LoadOrder Direct] orderInput: CSTELENEM"
[12-Dec-2025 13:15:24] WARNING: [pool top.tumanitasia.es] child 755654 said into stderr: "PHP message: [ArcGIS LoadOrder Direct] Buscando pedido: CSTELENEM"
[12-Dec-2025 13:15:24] WARNING: [pool top.tumanitasia.es] child 755654 said into stderr: "PHP message: [ArcGIS LoadOrder Direct] SQL: SELECT id_order FROM toporders WHERE reference = "CSTELENEM""
[12-Dec-2025 13:15:24] WARNING: [pool top.tumanitasia.es] child 755654 said into stderr: "PHP message: [ArcGIS LoadOrder Direct] ID encontrado: 19"
[12-Dec-2025 13:15:24] WARNING: [pool top.tumanitasia.es] child 755654 said into stderr: "PHP message: [ArcGIS LoadOrder Direct] Pedido cargado OK, ID: 19"
[12-Dec-2025 13:15:24] WARNING: [pool top.tumanitasia.es] child 755654 said into stderr: "PHP message: [ArcGIS LoadOrder Direct] id_cart del pedido: 21"
[12-Dec-2025 13:15:24] WARNING: [pool top.tumanitasia.es] child 755654 said into stderr: "PHP message: [ArcGIS LoadOrder Direct] Table name: toparc3d_terrain_data"
[12-Dec-2025 13:15:24] WARNING: [pool top.tumanitasia.es] child 755654 said into stderr: "PHP message: [ArcGIS LoadOrder Direct] Buscando: id_order=19, id_cart=21"
[12-Dec-2025 13:15:24] WARNING: [pool top.tumanitasia.es] child 755654 said into stderr: "PHP message: [ArcGIS LoadOrder Direct] SQL 1: SELECT * FROM `toparc3d_terrain_data` WHERE id_order = 19 ORDER BY date_add DESC"
[12-Dec-2025 13:15:24] WARNING: [pool top.tumanitasia.es] child 755654 said into stderr: "PHP message: [ArcGIS LoadOrder Direct] Resultado: Array"
[12-Dec-2025 13:15:24] WARNING: [pool top.tumanitasia.es] child 755654 said into stderr: "("
[12-Dec-2025 13:15:24] WARNING: [pool top.tumanitasia.es] child 755654 said into stderr: "    [id_terrain] => 2"
[12-Dec-2025 13:15:24] WARNING: [pool top.tumanitasia.es] child 755654 said into stderr: "    [id_cart] => 21"
[12-Dec-2025 13:15:24] WARNING: [pool top.tumanitasia.es] child 755654 said into stderr: "    [id_order] => 19"
[12-Dec-2025 13:15:24] WARNING: [pool top.tumanitasia.es] child 755654 said into stderr: "    [id_product] => 9"
[12-Dec-2025 13:15:24] WARNING: [pool top.tumanitasia.es] child 755654 said into stderr: "    [product_name] => Mountain fox cushion"
[12-Dec-2025 13:15:24] WARNING: [pool top.tumanitasia.es] child 755654 said into stderr: "    [latitude] => 42.654955"
[12-Dec-2025 13:15:24] WARNING: [pool top.tumanitasia.es] child 755654 said into stderr: "    [longitude] => 0.618942"
[12-Dec-2025 13:15:24] WARNING: [pool top.tumanitasia.es] child 755654 said into stderr: "    [area_km2] => 29.44"
[12-Dec-2025 13:15:24] WARNING: [pool top.tumanitasia.es] child 755654 said into stderr: "    [shape_type] => circle"
[12-Dec-2025 13:15:24] WARNING: [pool top.tumanitasia.es] child 755654 said into stderr: "    [file_size_mb] => 140.40"
[12-Dec-2025 13:15:24] WARNING: [pool top.tumanitasia.es] child 755654 said into stderr: "    [fingerprint] => arc3d_1765539669866_3h95ol"
[12-Dec-2025 13:15:24] WARNING: [pool top.tumanitasia.es] child 755654 said into stderr: "    [geometry_json] => {\"type\":\"circle\",\"centerX\":68900.35793062206,\"centerY\":5259599.07868428,\"radius\":2713.135886082484,\"spatialReference\":{\"wkid\":3857}}"
[12-Dec-2025 13:15:24] WARNING: [pool top.tumanitasia.es] child 755654 said into stderr: "    [date_add] => 2025-12-12 11:41:08"
[12-Dec-2025 13:15:24] WARNING: [pool top.tumanitasia.es] child 755654 said into stderr: ")"
[12-Dec-2025 13:15:24] WARNING: [pool top.tumanitasia.es] child 755654 said into stderr: "PHP message: [ArcGIS LoadOrder Direct] Éxito - devolviendo datos"
[12-Dec-2025 13:15:24] WARNING: [pool top.tumanitasia.es] child 755654 said into stderr: "PHP message: [ArcGIS LoadOrder Direct] Error decodificando geometry_json"
[12-Dec-2025 13:19:59] WARNING: [pool top.tumanitasia.es] child 755985 said into stderr: "PHP message: [ArcGIS LoadOrder Direct] Petición recibida"
[12-Dec-2025 13:19:59] WARNING: [pool top.tumanitasia.es] child 755985 said into stderr: "PHP message: [ArcGIS LoadOrder Direct] POST: Array"
[12-Dec-2025 13:19:59] WARNING: [pool top.tumanitasia.es] child 755985 said into stderr: "("
[12-Dec-2025 13:19:59] WARNING: [pool top.tumanitasia.es] child 755985 said into stderr: "    [ajax] => 1"
[12-Dec-2025 13:19:59] WARNING: [pool top.tumanitasia.es] child 755985 said into stderr: "    [order_id] => CSTELENEM"
[12-Dec-2025 13:19:59] WARNING: [pool top.tumanitasia.es] child 755985 said into stderr: ")"
[12-Dec-2025 13:19:59] WARNING: [pool top.tumanitasia.es] child 755985 said into stderr: "PHP message: [ArcGIS LoadOrder Direct] GET: Array"
[12-Dec-2025 13:19:59] WARNING: [pool top.tumanitasia.es] child 755985 said into stderr: "("
[12-Dec-2025 13:19:59] WARNING: [pool top.tumanitasia.es] child 755985 said into stderr: ")"
[12-Dec-2025 13:19:59] WARNING: [pool top.tumanitasia.es] child 755985 said into stderr: "PHP message: [ArcGIS LoadOrder Direct] orderInput: CSTELENEM"
[12-Dec-2025 13:19:59] WARNING: [pool top.tumanitasia.es] child 755985 said into stderr: "PHP message: [ArcGIS LoadOrder Direct] Buscando pedido: CSTELENEM"
[12-Dec-2025 13:19:59] WARNING: [pool top.tumanitasia.es] child 755985 said into stderr: "PHP message: [ArcGIS LoadOrder Direct] SQL: SELECT id_order FROM toporders WHERE reference = "CSTELENEM""
[12-Dec-2025 13:19:59] WARNING: [pool top.tumanitasia.es] child 755985 said into stderr: "PHP message: [ArcGIS LoadOrder Direct] ID encontrado: 19"
[12-Dec-2025 13:19:59] WARNING: [pool top.tumanitasia.es] child 755985 said into stderr: "PHP message: [ArcGIS LoadOrder Direct] Pedido cargado OK, ID: 19"
[12-Dec-2025 13:19:59] WARNING: [pool top.tumanitasia.es] child 755985 said into stderr: "PHP message: [ArcGIS LoadOrder Direct] id_cart del pedido: 21"
[12-Dec-2025 13:19:59] WARNING: [pool top.tumanitasia.es] child 755985 said into stderr: "PHP message: [ArcGIS LoadOrder Direct] Table name: toparc3d_terrain_data"
[12-Dec-2025 13:19:59] WARNING: [pool top.tumanitasia.es] child 755985 said into stderr: "PHP message: [ArcGIS LoadOrder Direct] Buscando: id_order=19, id_cart=21"
[12-Dec-2025 13:19:59] WARNING: [pool top.tumanitasia.es] child 755985 said into stderr: "PHP message: [ArcGIS LoadOrder Direct] SQL 1: SELECT * FROM `toparc3d_terrain_data` WHERE id_order = 19 ORDER BY date_add DESC"
[12-Dec-2025 13:19:59] WARNING: [pool top.tumanitasia.es] child 755985 said into stderr: "PHP message: [ArcGIS LoadOrder Direct] Resultado: Array"
[12-Dec-2025 13:19:59] WARNING: [pool top.tumanitasia.es] child 755985 said into stderr: "("
[12-Dec-2025 13:19:59] WARNING: [pool top.tumanitasia.es] child 755985 said into stderr: "    [id_terrain] => 2"
[12-Dec-2025 13:19:59] WARNING: [pool top.tumanitasia.es] child 755985 said into stderr: "    [id_cart] => 21"
[12-Dec-2025 13:19:59] WARNING: [pool top.tumanitasia.es] child 755985 said into stderr: "    [id_order] => 19"
[12-Dec-2025 13:19:59] WARNING: [pool top.tumanitasia.es] child 755985 said into stderr: "    [id_product] => 9"
[12-Dec-2025 13:19:59] WARNING: [pool top.tumanitasia.es] child 755985 said into stderr: "    [product_name] => Mountain fox cushion"
[12-Dec-2025 13:19:59] WARNING: [pool top.tumanitasia.es] child 755985 said into stderr: "    [latitude] => 42.654955"
[12-Dec-2025 13:19:59] WARNING: [pool top.tumanitasia.es] child 755985 said into stderr: "    [longitude] => 0.618942"
[12-Dec-2025 13:19:59] WARNING: [pool top.tumanitasia.es] child 755985 said into stderr: "    [area_km2] => 29.44"
[12-Dec-2025 13:19:59] WARNING: [pool top.tumanitasia.es] child 755985 said into stderr: "    [shape_type] => circle"
[12-Dec-2025 13:19:59] WARNING: [pool top.tumanitasia.es] child 755985 said into stderr: "    [file_size_mb] => 140.40"
[12-Dec-2025 13:19:59] WARNING: [pool top.tumanitasia.es] child 755985 said into stderr: "    [fingerprint] => arc3d_1765539669866_3h95ol"
[12-Dec-2025 13:19:59] WARNING: [pool top.tumanitasia.es] child 755985 said into stderr: "    [geometry_json] => {\"type\":\"circle\",\"centerX\":68900.35793062206,\"centerY\":5259599.07868428,\"radius\":2713.135886082484,\"spatialReference\":{\"wkid\":3857}}"
[12-Dec-2025 13:19:59] WARNING: [pool top.tumanitasia.es] child 755985 said into stderr: "    [date_add] => 2025-12-12 11:41:08"
[12-Dec-2025 13:19:59] WARNING: [pool top.tumanitasia.es] child 755985 said into stderr: ")"
[12-Dec-2025 13:19:59] WARNING: [pool top.tumanitasia.es] child 755985 said into stderr: "PHP message: [ArcGIS LoadOrder Direct] Éxito - devolviendo datos"
[12-Dec-2025 13:19:59] WARNING: [pool top.tumanitasia.es] child 755985 said into stderr: "PHP message: [ArcGIS LoadOrder Direct] geometry_json raw: {\"type\":\"circle\",\"centerX\":68900.35793062206,\"centerY\":5259599.07868428,\"radius\":2713.135886082484,\"spatialReference\":{\"wkid\":3857}}"
[12-Dec-2025 13:19:59] WARNING: [pool top.tumanitasia.es] child 755985 said into stderr: "PHP message: [ArcGIS LoadOrder Direct] Error json_decode: Syntax error"
[12-Dec-2025 13:19:59] WARNING: [pool top.tumanitasia.es] child 755985 said into stderr: "PHP message: [ArcGIS LoadOrder Direct] Intentando con stripslashes: {"type":"circle","centerX":68900.35793062206,"centerY":5259599.07868428,"radius":2713.135886082484,"spatialReference":{"wkid":3857}}"
[12-Dec-2025 13:19:59] WARNING: [pool top.tumanitasia.es] child 755985 said into stderr: "PHP message: [ArcGIS LoadOrder Direct] ✓ geometry_json decodificado OK"
